mode: atomic
github.com/mkheyfets/ispro-app/cmd/regexp/main.go:15.43,17.2 1 0
github.com/mkheyfets/ispro-app/cmd/regexp/main.go:19.52,22.2 2 0
github.com/mkheyfets/ispro-app/cmd/regexp/main.go:24.13,33.29 3 0
github.com/mkheyfets/ispro-app/cmd/regexp/main.go:33.29,35.3 1 0
github.com/mkheyfets/ispro-app/cmd/regexp/main.go:37.2,46.32 3 0
github.com/mkheyfets/ispro-app/cmd/regexp/main.go:46.32,48.3 1 0
github.com/mkheyfets/ispro-app/internal/entities/entry/domain/validation/constraints.go:17.46,19.2 1 0
github.com/mkheyfets/ispro-app/internal/entities/entry/domain/validation/constraints.go:21.118,31.2 1 0
github.com/mkheyfets/ispro-app/internal/entities/entry/domain/validation/constraints.go:33.101,36.2 2 0
github.com/mkheyfets/ispro-app/internal/di/internal/factories/container.go:21.81,24.16 3 0
github.com/mkheyfets/ispro-app/internal/di/internal/factories/container.go:24.16,26.3 1 0
github.com/mkheyfets/ispro-app/internal/di/internal/factories/container.go:27.2,27.39 1 0
github.com/mkheyfets/ispro-app/internal/di/internal/factories/container.go:27.39,29.3 1 0
github.com/mkheyfets/ispro-app/internal/di/internal/factories/container.go:30.2,30.18 1 0
github.com/mkheyfets/ispro-app/internal/di/internal/factories/container.go:33.94,35.2 1 0
github.com/mkheyfets/ispro-app/internal/di/internal/factories/container.go:37.108,40.2 2 0
github.com/mkheyfets/ispro-app/internal/di/internal/factories/container.go:42.110,45.2 2 0
github.com/mkheyfets/ispro-app/internal/di/internal/factories/container.go:47.90,57.2 8 0
github.com/mkheyfets/ispro-app/internal/di/internal/factories/container.go:59.88,70.2 9 0
github.com/mkheyfets/ispro-app/internal/di/internal/factories/container.go:72.90,74.16 2 0
github.com/mkheyfets/ispro-app/internal/di/internal/factories/container.go:74.16,76.3 1 0
github.com/mkheyfets/ispro-app/internal/di/internal/factories/container.go:77.2,77.52 1 0
github.com/mkheyfets/ispro-app/internal/di/internal/factories/container.go:80.85,97.2 14 0
github.com/mkheyfets/ispro-app/internal/di/internal/factories/container.go:99.73,100.26 1 0
github.com/mkheyfets/ispro-app/internal/di/container.go:29.62,35.35 2 0
github.com/mkheyfets/ispro-app/internal/di/container.go:35.35,37.17 2 0
github.com/mkheyfets/ispro-app/internal/di/container.go:37.17,39.4 1 0
github.com/mkheyfets/ispro-app/internal/di/container.go:42.2,42.15 1 0
github.com/mkheyfets/ispro-app/internal/di/container.go:45.32,46.34 1 0
github.com/mkheyfets/ispro-app/internal/di/container.go:46.34,50.3 2 0
github.com/mkheyfets/ispro-app/internal/di/container.go:53.76,57.15 3 0
github.com/mkheyfets/ispro-app/internal/di/container.go:57.15,58.47 1 0
github.com/mkheyfets/ispro-app/internal/di/container.go:58.47,60.4 1 0
github.com/mkheyfets/ispro-app/internal/di/container.go:63.2,66.15 3 0
github.com/mkheyfets/ispro-app/internal/di/container.go:69.89,73.15 3 0
github.com/mkheyfets/ispro-app/internal/di/container.go:73.15,74.47 1 0
github.com/mkheyfets/ispro-app/internal/di/container.go:74.47,76.4 1 0
github.com/mkheyfets/ispro-app/internal/di/container.go:79.2,82.15 3 0
github.com/mkheyfets/ispro-app/internal/di/container.go:85.103,89.15 3 0
github.com/mkheyfets/ispro-app/internal/di/container.go:89.15,90.47 1 0
github.com/mkheyfets/ispro-app/internal/di/container.go:90.47,92.4 1 0
github.com/mkheyfets/ispro-app/internal/di/container.go:95.2,98.15 3 0
github.com/mkheyfets/ispro-app/internal/di/container.go:101.105,105.15 3 0
github.com/mkheyfets/ispro-app/internal/di/container.go:105.15,106.47 1 0
github.com/mkheyfets/ispro-app/internal/di/container.go:106.47,108.4 1 0
github.com/mkheyfets/ispro-app/internal/di/container.go:111.2,114.15 3 0
github.com/mkheyfets/ispro-app/internal/di/container.go:117.92,121.15 3 0
github.com/mkheyfets/ispro-app/internal/di/container.go:121.15,122.47 1 0
github.com/mkheyfets/ispro-app/internal/di/container.go:122.47,124.4 1 0
github.com/mkheyfets/ispro-app/internal/di/container.go:127.2,130.15 3 0
github.com/mkheyfets/ispro-app/internal/di/container.go:133.90,137.15 3 0
github.com/mkheyfets/ispro-app/internal/di/container.go:137.15,138.47 1 0
github.com/mkheyfets/ispro-app/internal/di/container.go:138.47,140.4 1 0
github.com/mkheyfets/ispro-app/internal/di/container.go:143.2,146.15 3 0
github.com/mkheyfets/ispro-app/internal/di/container.go:149.85,153.15 3 0
github.com/mkheyfets/ispro-app/internal/di/container.go:153.15,154.47 1 0
github.com/mkheyfets/ispro-app/internal/di/container.go:154.47,156.4 1 0
github.com/mkheyfets/ispro-app/internal/di/container.go:159.2,162.15 3 0
github.com/mkheyfets/ispro-app/internal/di/container.go:165.80,169.15 3 0
github.com/mkheyfets/ispro-app/internal/di/container.go:169.15,170.47 1 0
github.com/mkheyfets/ispro-app/internal/di/container.go:170.47,172.4 1 0
github.com/mkheyfets/ispro-app/internal/di/container.go:175.2,178.15 3 0
github.com/mkheyfets/ispro-app/internal/di/container.go:181.29,186.2 3 0
github.com/mkheyfets/ispro-app/internal/di/container.go:188.56,190.16 2 0
github.com/mkheyfets/ispro-app/internal/di/container.go:190.16,192.3 1 0
github.com/mkheyfets/ispro-app/internal/di/container.go:193.2,193.10 1 0
github.com/mkheyfets/ispro-app/internal/entities/entry/domain/entry.go:22.86,32.2 1 0
github.com/mkheyfets/ispro-app/internal/entities/link/create_link.go:18.146,24.2 1 0
github.com/mkheyfets/ispro-app/internal/entities/link/create_link.go:31.103,37.57 2 0
github.com/mkheyfets/ispro-app/internal/entities/link/create_link.go:37.57,39.3 1 0
github.com/mkheyfets/ispro-app/internal/entities/link/create_link.go:41.2,41.34 1 0
github.com/mkheyfets/ispro-app/internal/entities/link/create_link.go:41.34,43.3 1 0
github.com/mkheyfets/ispro-app/internal/entities/link/create_link.go:45.2,50.16 2 0
github.com/mkheyfets/ispro-app/internal/entities/link/create_link.go:50.16,52.3 1 0
github.com/mkheyfets/ispro-app/internal/entities/link/create_link.go:54.2,54.56 1 0
github.com/mkheyfets/ispro-app/internal/entities/link/delete_link.go:16.74,18.2 1 0
github.com/mkheyfets/ispro-app/internal/entities/link/delete_link.go:24.87,26.16 2 0
github.com/mkheyfets/ispro-app/internal/entities/link/delete_link.go:26.16,28.3 1 0
github.com/mkheyfets/ispro-app/internal/entities/link/delete_link.go:29.2,29.21 1 0
github.com/mkheyfets/ispro-app/internal/entities/link/delete_link.go:29.21,31.3 1 0
github.com/mkheyfets/ispro-app/internal/entities/link/delete_link.go:33.2,33.36 1 0
github.com/mkheyfets/ispro-app/internal/entities/link/get_link.go:13.68,15.2 1 0
github.com/mkheyfets/ispro-app/internal/entities/link/get_link.go:21.97,23.2 1 0
github.com/mkheyfets/ispro-app/internal/entities/link/handler.go:27.12,35.2 1 0
github.com/mkheyfets/ispro-app/internal/entities/link/handler.go:37.80,39.16 2 0
github.com/mkheyfets/ispro-app/internal/entities/link/handler.go:39.16,42.3 2 0
github.com/mkheyfets/ispro-app/internal/entities/link/handler.go:43.2,43.64 1 0
github.com/mkheyfets/ispro-app/internal/entities/link/handler.go:46.82,52.16 3 0
github.com/mkheyfets/ispro-app/internal/entities/link/handler.go:52.16,55.3 2 0
github.com/mkheyfets/ispro-app/internal/entities/link/handler.go:56.2,56.66 1 0
github.com/mkheyfets/ispro-app/internal/entities/link/handler.go:59.76,62.16 3 0
github.com/mkheyfets/ispro-app/internal/entities/link/handler.go:62.16,64.3 1 0
github.com/mkheyfets/ispro-app/internal/entities/link/handler.go:65.2,65.58 1 0
github.com/mkheyfets/ispro-app/internal/entities/link/handler.go:68.82,75.16 3 0
github.com/mkheyfets/ispro-app/internal/entities/link/handler.go:75.16,77.3 1 0
github.com/mkheyfets/ispro-app/internal/entities/link/handler.go:78.2,78.61 1 0
github.com/mkheyfets/ispro-app/internal/entities/link/handler.go:81.82,84.16 3 0
github.com/mkheyfets/ispro-app/internal/entities/link/handler.go:84.16,86.3 1 0
github.com/mkheyfets/ispro-app/internal/entities/link/handler.go:87.2,87.39 1 0
github.com/mkheyfets/ispro-app/internal/entities/link/handler.go:90.43,91.14 1 0
github.com/mkheyfets/ispro-app/internal/entities/link/handler.go:91.14,93.3 1 0
github.com/mkheyfets/ispro-app/internal/entities/link/handler.go:94.2,98.3 1 0
github.com/mkheyfets/ispro-app/internal/entities/link/handler.go:101.55,103.26 2 0
github.com/mkheyfets/ispro-app/internal/entities/link/handler.go:103.26,105.3 1 0
github.com/mkheyfets/ispro-app/internal/entities/link/handler.go:106.2,106.15 1 0
github.com/mkheyfets/ispro-app/internal/entities/link/list_links.go:13.72,15.2 1 0
github.com/mkheyfets/ispro-app/internal/entities/link/list_links.go:17.81,19.2 1 0
github.com/mkheyfets/ispro-app/internal/entities/link/update_link.go:18.146,24.2 1 0
github.com/mkheyfets/ispro-app/internal/entities/link/update_link.go:32.103,39.57 2 0
github.com/mkheyfets/ispro-app/internal/entities/link/update_link.go:39.57,41.3 1 0
github.com/mkheyfets/ispro-app/internal/entities/link/update_link.go:43.2,43.34 1 0
github.com/mkheyfets/ispro-app/internal/entities/link/update_link.go:43.34,45.3 1 0
github.com/mkheyfets/ispro-app/internal/entities/link/update_link.go:47.2,52.16 2 0
github.com/mkheyfets/ispro-app/internal/entities/link/update_link.go:52.16,54.3 1 0
github.com/mkheyfets/ispro-app/internal/entities/link/update_link.go:56.2,56.64 1 0
github.com/mkheyfets/ispro-app/cmd/server/main.go:14.13,20.16 3 0
github.com/mkheyfets/ispro-app/cmd/server/main.go:20.16,22.3 1 0
github.com/mkheyfets/ispro-app/cmd/server/main.go:23.2,26.16 3 0
github.com/mkheyfets/ispro-app/cmd/server/main.go:26.16,28.3 1 0
github.com/mkheyfets/ispro-app/cmd/server/main.go:30.2,33.12 3 0
github.com/mkheyfets/ispro-app/cmd/server/main.go:33.12,34.40 1 0
github.com/mkheyfets/ispro-app/cmd/server/main.go:34.40,36.4 1 0
github.com/mkheyfets/ispro-app/cmd/server/main.go:39.2,44.29 5 0
github.com/mkheyfets/ispro-app/internal/entities/entry/repository/postgres.go:20.68,25.2 1 0
github.com/mkheyfets/ispro-app/internal/entities/entry/repository/postgres.go:27.81,29.16 2 0
github.com/mkheyfets/ispro-app/internal/entities/entry/repository/postgres.go:29.16,31.3 1 0
github.com/mkheyfets/ispro-app/internal/entities/entry/repository/postgres.go:33.2,34.16 2 0
github.com/mkheyfets/ispro-app/internal/entities/entry/repository/postgres.go:34.16,36.3 1 0
github.com/mkheyfets/ispro-app/internal/entities/entry/repository/postgres.go:37.2,40.18 3 0
github.com/mkheyfets/ispro-app/internal/entities/entry/repository/postgres.go:40.18,43.88 3 0
github.com/mkheyfets/ispro-app/internal/entities/entry/repository/postgres.go:43.88,45.4 1 0
github.com/mkheyfets/ispro-app/internal/entities/entry/repository/postgres.go:46.3,48.32 3 0
github.com/mkheyfets/ispro-app/internal/entities/entry/repository/postgres.go:50.2,50.21 1 0
github.com/mkheyfets/ispro-app/internal/entities/entry/repository/postgres.go:53.88,55.16 2 0
github.com/mkheyfets/ispro-app/internal/entities/entry/repository/postgres.go:55.16,57.3 1 0
github.com/mkheyfets/ispro-app/internal/entities/entry/repository/postgres.go:59.2,62.16 4 0
github.com/mkheyfets/ispro-app/internal/entities/entry/repository/postgres.go:62.16,64.3 1 0
github.com/mkheyfets/ispro-app/internal/entities/entry/repository/postgres.go:65.2,67.16 3 0
github.com/mkheyfets/ispro-app/internal/entities/entry/repository/postgres.go:70.104,72.16 2 0
github.com/mkheyfets/ispro-app/internal/entities/entry/repository/postgres.go:72.16,74.3 1 0
github.com/mkheyfets/ispro-app/internal/entities/entry/repository/postgres.go:76.2,79.16 4 0
github.com/mkheyfets/ispro-app/internal/entities/entry/repository/postgres.go:79.16,81.3 1 0
github.com/mkheyfets/ispro-app/internal/entities/entry/repository/postgres.go:82.2,84.16 3 0
github.com/mkheyfets/ispro-app/internal/entities/entry/repository/postgres.go:87.114,89.16 2 0
github.com/mkheyfets/ispro-app/internal/entities/entry/repository/postgres.go:89.16,91.3 1 0
github.com/mkheyfets/ispro-app/internal/entities/entry/repository/postgres.go:93.2,96.16 4 0
github.com/mkheyfets/ispro-app/internal/entities/entry/repository/postgres.go:96.16,98.3 1 0
github.com/mkheyfets/ispro-app/internal/entities/entry/repository/postgres.go:99.2,101.16 3 0
github.com/mkheyfets/ispro-app/internal/entities/entry/repository/postgres.go:104.74,106.16 2 0
github.com/mkheyfets/ispro-app/internal/entities/entry/repository/postgres.go:106.16,108.3 1 0
github.com/mkheyfets/ispro-app/internal/entities/entry/repository/postgres.go:110.2,111.16 2 0
github.com/mkheyfets/ispro-app/internal/entities/entry/repository/postgres.go:111.16,113.3 1 0
github.com/mkheyfets/ispro-app/internal/entities/entry/repository/postgres.go:114.2,114.32 1 0
github.com/mkheyfets/ispro-app/internal/entities/entry/repository/postgres.go:114.32,116.3 1 0
github.com/mkheyfets/ispro-app/internal/entities/entry/repository/postgres.go:117.2,117.12 1 0
github.com/mkheyfets/ispro-app/internal/di/internal/bitset.go:8.29,10.19 2 0
github.com/mkheyfets/ispro-app/internal/di/internal/bitset.go:10.19,12.3 1 0
github.com/mkheyfets/ispro-app/internal/di/internal/bitset.go:14.2,14.30 1 0
github.com/mkheyfets/ispro-app/internal/di/internal/bitset.go:17.35,19.17 2 0
github.com/mkheyfets/ispro-app/internal/di/internal/bitset.go:19.17,21.3 1 0
github.com/mkheyfets/ispro-app/internal/di/internal/bitset.go:23.2,23.25 1 0
github.com/mkheyfets/ispro-app/internal/di/internal/bitset.go:26.42,28.2 1 0
github.com/mkheyfets/ispro-app/internal/di/internal/container.go:48.32,53.2 3 0
github.com/mkheyfets/ispro-app/internal/di/internal/container.go:56.35,58.2 1 0
github.com/mkheyfets/ispro-app/internal/di/internal/container.go:62.41,64.2 1 0
github.com/mkheyfets/ispro-app/internal/di/internal/container.go:66.41,67.16 1 0
github.com/mkheyfets/ispro-app/internal/di/internal/container.go:67.16,69.3 1 0
github.com/mkheyfets/ispro-app/internal/di/internal/container.go:72.53,73.44 1 0
github.com/mkheyfets/ispro-app/internal/di/internal/container.go:73.44,76.17 3 0
github.com/mkheyfets/ispro-app/internal/di/internal/container.go:76.17,78.4 1 0
github.com/mkheyfets/ispro-app/internal/di/internal/container.go:78.9,80.4 1 0
github.com/mkheyfets/ispro-app/internal/di/internal/container.go:82.2,82.14 1 0
github.com/mkheyfets/ispro-app/internal/di/internal/container.go:85.61,86.45 1 0
github.com/mkheyfets/ispro-app/internal/di/internal/container.go:86.45,89.17 3 0
github.com/mkheyfets/ispro-app/internal/di/internal/container.go:89.17,91.4 1 0
github.com/mkheyfets/ispro-app/internal/di/internal/container.go:91.9,93.4 1 0
github.com/mkheyfets/ispro-app/internal/di/internal/container.go:95.2,95.15 1 0
github.com/mkheyfets/ispro-app/internal/di/internal/container.go:98.74,99.50 1 0
github.com/mkheyfets/ispro-app/internal/di/internal/container.go:99.50,102.17 3 0
github.com/mkheyfets/ispro-app/internal/di/internal/container.go:102.17,104.4 1 0
github.com/mkheyfets/ispro-app/internal/di/internal/container.go:104.9,106.4 1 0
github.com/mkheyfets/ispro-app/internal/di/internal/container.go:108.2,108.20 1 0
github.com/mkheyfets/ispro-app/internal/di/internal/container.go:111.88,112.56 1 0
github.com/mkheyfets/ispro-app/internal/di/internal/container.go:112.56,115.17 3 0
github.com/mkheyfets/ispro-app/internal/di/internal/container.go:115.17,117.4 1 0
github.com/mkheyfets/ispro-app/internal/di/internal/container.go:117.9,119.4 1 0
github.com/mkheyfets/ispro-app/internal/di/internal/container.go:121.2,121.26 1 0
github.com/mkheyfets/ispro-app/internal/di/internal/container.go:124.90,125.55 1 0
github.com/mkheyfets/ispro-app/internal/di/internal/container.go:125.55,128.17 3 0
github.com/mkheyfets/ispro-app/internal/di/internal/container.go:128.17,130.4 1 0
github.com/mkheyfets/ispro-app/internal/di/internal/container.go:130.9,132.4 1 0
github.com/mkheyfets/ispro-app/internal/di/internal/container.go:134.2,134.25 1 0
github.com/mkheyfets/ispro-app/internal/di/internal/container.go:137.77,138.53 1 0
github.com/mkheyfets/ispro-app/internal/di/internal/container.go:138.53,141.17 3 0
github.com/mkheyfets/ispro-app/internal/di/internal/container.go:141.17,143.4 1 0
github.com/mkheyfets/ispro-app/internal/di/internal/container.go:143.9,145.4 1 0
github.com/mkheyfets/ispro-app/internal/di/internal/container.go:147.2,147.23 1 0
github.com/mkheyfets/ispro-app/internal/di/internal/container.go:150.75,151.52 1 0
github.com/mkheyfets/ispro-app/internal/di/internal/container.go:151.52,154.17 3 0
github.com/mkheyfets/ispro-app/internal/di/internal/container.go:154.17,156.4 1 0
github.com/mkheyfets/ispro-app/internal/di/internal/container.go:156.9,158.4 1 0
github.com/mkheyfets/ispro-app/internal/di/internal/container.go:160.2,160.22 1 0
github.com/mkheyfets/ispro-app/internal/di/internal/container.go:163.70,164.44 1 0
github.com/mkheyfets/ispro-app/internal/di/internal/container.go:164.44,167.17 3 0
github.com/mkheyfets/ispro-app/internal/di/internal/container.go:167.17,169.4 1 0
github.com/mkheyfets/ispro-app/internal/di/internal/container.go:169.9,171.4 1 0
github.com/mkheyfets/ispro-app/internal/di/internal/container.go:173.2,173.14 1 0
github.com/mkheyfets/ispro-app/internal/di/internal/container.go:176.65,177.47 1 0
github.com/mkheyfets/ispro-app/internal/di/internal/container.go:177.47,180.17 3 0
github.com/mkheyfets/ispro-app/internal/di/internal/container.go:180.17,182.4 1 0
github.com/mkheyfets/ispro-app/internal/di/internal/container.go:182.9,184.4 1 0
github.com/mkheyfets/ispro-app/internal/di/internal/container.go:186.2,186.17 1 0
github.com/mkheyfets/ispro-app/internal/di/internal/container.go:189.38,192.2 2 0
github.com/mkheyfets/ispro-app/internal/di/internal/container.go:194.30,194.31 0 0
github.com/mkheyfets/ispro-app/internal/entities/entry/create_entry.go:15.110,20.2 1 0
github.com/mkheyfets/ispro-app/internal/entities/entry/create_entry.go:27.106,33.58 2 0
github.com/mkheyfets/ispro-app/internal/entities/entry/create_entry.go:33.58,35.3 1 0
github.com/mkheyfets/ispro-app/internal/entities/entry/create_entry.go:37.2,37.52 1 0
github.com/mkheyfets/ispro-app/internal/entities/entry/delete_entry.go:13.77,15.2 1 0
github.com/mkheyfets/ispro-app/internal/entities/entry/delete_entry.go:21.89,23.2 1 0
github.com/mkheyfets/ispro-app/internal/entities/entry/get_entry.go:13.71,15.2 1 0
github.com/mkheyfets/ispro-app/internal/entities/entry/get_entry.go:21.100,23.2 1 0
github.com/mkheyfets/ispro-app/internal/entities/entry/handler.go:28.12,36.2 1 0
github.com/mkheyfets/ispro-app/internal/entities/entry/handler.go:38.86,40.16 2 0
github.com/mkheyfets/ispro-app/internal/entities/entry/handler.go:40.16,43.3 2 0
github.com/mkheyfets/ispro-app/internal/entities/entry/handler.go:44.2,44.68 1 0
github.com/mkheyfets/ispro-app/internal/entities/entry/handler.go:47.86,53.16 3 0
github.com/mkheyfets/ispro-app/internal/entities/entry/handler.go:53.16,56.3 2 0
github.com/mkheyfets/ispro-app/internal/entities/entry/handler.go:57.2,57.69 1 0
github.com/mkheyfets/ispro-app/internal/entities/entry/handler.go:60.80,63.16 3 0
github.com/mkheyfets/ispro-app/internal/entities/entry/handler.go:63.16,65.3 1 0
github.com/mkheyfets/ispro-app/internal/entities/entry/handler.go:66.2,66.61 1 0
github.com/mkheyfets/ispro-app/internal/entities/entry/handler.go:69.86,76.16 3 0
github.com/mkheyfets/ispro-app/internal/entities/entry/handler.go:76.16,78.3 1 0
github.com/mkheyfets/ispro-app/internal/entities/entry/handler.go:79.2,79.64 1 0
github.com/mkheyfets/ispro-app/internal/entities/entry/handler.go:82.86,85.16 3 0
github.com/mkheyfets/ispro-app/internal/entities/entry/handler.go:85.16,87.3 1 0
github.com/mkheyfets/ispro-app/internal/entities/entry/handler.go:88.2,88.42 1 0
github.com/mkheyfets/ispro-app/internal/entities/entry/handler.go:91.45,92.14 1 0
github.com/mkheyfets/ispro-app/internal/entities/entry/handler.go:92.14,94.3 1 0
github.com/mkheyfets/ispro-app/internal/entities/entry/handler.go:95.2,101.3 1 0
github.com/mkheyfets/ispro-app/internal/entities/entry/handler.go:104.59,106.28 2 0
github.com/mkheyfets/ispro-app/internal/entities/entry/handler.go:106.28,108.3 1 0
github.com/mkheyfets/ispro-app/internal/entities/entry/handler.go:109.2,109.15 1 0
github.com/mkheyfets/ispro-app/internal/entities/entry/list_entries.go:13.77,15.2 1 0
github.com/mkheyfets/ispro-app/internal/entities/entry/list_entries.go:17.84,19.2 1 0
github.com/mkheyfets/ispro-app/internal/entities/entry/update_entry.go:15.110,20.2 1 0
github.com/mkheyfets/ispro-app/internal/entities/entry/update_entry.go:28.106,35.58 2 0
github.com/mkheyfets/ispro-app/internal/entities/entry/update_entry.go:35.58,37.3 1 0
github.com/mkheyfets/ispro-app/internal/entities/entry/update_entry.go:39.2,39.60 1 0
github.com/mkheyfets/ispro-app/internal/entities/entry/query/entry.go:9.43,11.2 1 0
github.com/mkheyfets/ispro-app/internal/entities/entry/query/entry.go:13.48,15.2 1 0
github.com/mkheyfets/ispro-app/internal/entities/entry/query/entry.go:17.64,22.2 1 0
github.com/mkheyfets/ispro-app/internal/entities/entry/query/entry.go:24.74,31.2 1 0
github.com/mkheyfets/ispro-app/internal/entities/entry/query/entry.go:33.51,35.2 1 0
github.com/mkheyfets/ispro-app/internal/entities/link/repository/postgres.go:20.76,25.2 1 0
github.com/mkheyfets/ispro-app/internal/entities/link/repository/postgres.go:27.84,29.16 2 0
github.com/mkheyfets/ispro-app/internal/entities/link/repository/postgres.go:29.16,31.3 1 0
github.com/mkheyfets/ispro-app/internal/entities/link/repository/postgres.go:33.2,34.16 2 0
github.com/mkheyfets/ispro-app/internal/entities/link/repository/postgres.go:34.16,36.3 1 0
github.com/mkheyfets/ispro-app/internal/entities/link/repository/postgres.go:37.2,40.18 3 0
github.com/mkheyfets/ispro-app/internal/entities/link/repository/postgres.go:40.18,43.80 3 0
github.com/mkheyfets/ispro-app/internal/entities/link/repository/postgres.go:43.80,45.4 1 0
github.com/mkheyfets/ispro-app/internal/entities/link/repository/postgres.go:46.3,47.28 2 0
github.com/mkheyfets/ispro-app/internal/entities/link/repository/postgres.go:49.2,49.19 1 0
github.com/mkheyfets/ispro-app/internal/entities/link/repository/postgres.go:52.91,54.16 2 0
github.com/mkheyfets/ispro-app/internal/entities/link/repository/postgres.go:54.16,56.3 1 0
github.com/mkheyfets/ispro-app/internal/entities/link/repository/postgres.go:58.2,61.16 4 0
github.com/mkheyfets/ispro-app/internal/entities/link/repository/postgres.go:61.16,63.3 1 0
github.com/mkheyfets/ispro-app/internal/entities/link/repository/postgres.go:64.2,65.16 2 0
github.com/mkheyfets/ispro-app/internal/entities/link/repository/postgres.go:68.110,70.16 2 0
github.com/mkheyfets/ispro-app/internal/entities/link/repository/postgres.go:70.16,72.3 1 0
github.com/mkheyfets/ispro-app/internal/entities/link/repository/postgres.go:74.2,77.16 4 0
github.com/mkheyfets/ispro-app/internal/entities/link/repository/postgres.go:77.16,79.3 1 0
github.com/mkheyfets/ispro-app/internal/entities/link/repository/postgres.go:80.2,81.16 2 0
github.com/mkheyfets/ispro-app/internal/entities/link/repository/postgres.go:84.120,86.16 2 0
github.com/mkheyfets/ispro-app/internal/entities/link/repository/postgres.go:86.16,88.3 1 0
github.com/mkheyfets/ispro-app/internal/entities/link/repository/postgres.go:90.2,93.16 4 0
github.com/mkheyfets/ispro-app/internal/entities/link/repository/postgres.go:93.16,95.3 1 0
github.com/mkheyfets/ispro-app/internal/entities/link/repository/postgres.go:96.2,97.16 2 0
github.com/mkheyfets/ispro-app/internal/entities/link/repository/postgres.go:100.78,102.16 2 0
github.com/mkheyfets/ispro-app/internal/entities/link/repository/postgres.go:102.16,104.3 1 0
github.com/mkheyfets/ispro-app/internal/entities/link/repository/postgres.go:106.2,107.16 2 0
github.com/mkheyfets/ispro-app/internal/entities/link/repository/postgres.go:107.16,109.3 1 0
github.com/mkheyfets/ispro-app/internal/entities/link/repository/postgres.go:110.2,110.32 1 0
github.com/mkheyfets/ispro-app/internal/entities/link/repository/postgres.go:110.32,112.3 1 0
github.com/mkheyfets/ispro-app/internal/entities/link/repository/postgres.go:113.2,113.12 1 0
github.com/mkheyfets/ispro-app/internal/restapi/configure_ispro_app.go:20.50,23.2 1 0
github.com/mkheyfets/ispro-app/internal/restapi/configure_ispro_app.go:25.61,43.42 5 0
github.com/mkheyfets/ispro-app/internal/restapi/configure_ispro_app.go:43.42,44.126 1 0
github.com/mkheyfets/ispro-app/internal/restapi/configure_ispro_app.go:44.126,48.4 2 0
github.com/mkheyfets/ispro-app/internal/restapi/configure_ispro_app.go:50.2,50.39 1 0
github.com/mkheyfets/ispro-app/internal/restapi/configure_ispro_app.go:50.39,51.117 1 0
github.com/mkheyfets/ispro-app/internal/restapi/configure_ispro_app.go:51.117,55.4 2 0
github.com/mkheyfets/ispro-app/internal/restapi/configure_ispro_app.go:57.2,57.42 1 0
github.com/mkheyfets/ispro-app/internal/restapi/configure_ispro_app.go:57.42,58.126 1 0
github.com/mkheyfets/ispro-app/internal/restapi/configure_ispro_app.go:58.126,62.4 2 0
github.com/mkheyfets/ispro-app/internal/restapi/configure_ispro_app.go:64.2,64.39 1 0
github.com/mkheyfets/ispro-app/internal/restapi/configure_ispro_app.go:64.39,65.117 1 0
github.com/mkheyfets/ispro-app/internal/restapi/configure_ispro_app.go:65.117,69.4 2 0
github.com/mkheyfets/ispro-app/internal/restapi/configure_ispro_app.go:71.2,71.39 1 0
github.com/mkheyfets/ispro-app/internal/restapi/configure_ispro_app.go:71.39,72.117 1 0
github.com/mkheyfets/ispro-app/internal/restapi/configure_ispro_app.go:72.117,76.4 2 0
github.com/mkheyfets/ispro-app/internal/restapi/configure_ispro_app.go:78.2,78.36 1 0
github.com/mkheyfets/ispro-app/internal/restapi/configure_ispro_app.go:78.36,79.108 1 0
github.com/mkheyfets/ispro-app/internal/restapi/configure_ispro_app.go:79.108,83.4 2 0
github.com/mkheyfets/ispro-app/internal/restapi/configure_ispro_app.go:85.2,85.42 1 0
github.com/mkheyfets/ispro-app/internal/restapi/configure_ispro_app.go:85.42,86.126 1 0
github.com/mkheyfets/ispro-app/internal/restapi/configure_ispro_app.go:86.126,90.4 2 0
github.com/mkheyfets/ispro-app/internal/restapi/configure_ispro_app.go:92.2,92.38 1 0
github.com/mkheyfets/ispro-app/internal/restapi/configure_ispro_app.go:92.38,93.114 1 0
github.com/mkheyfets/ispro-app/internal/restapi/configure_ispro_app.go:93.114,97.4 2 0
github.com/mkheyfets/ispro-app/internal/restapi/configure_ispro_app.go:99.2,99.42 1 0
github.com/mkheyfets/ispro-app/internal/restapi/configure_ispro_app.go:99.42,100.126 1 0
github.com/mkheyfets/ispro-app/internal/restapi/configure_ispro_app.go:100.126,104.4 2 0
github.com/mkheyfets/ispro-app/internal/restapi/configure_ispro_app.go:106.2,106.39 1 0
github.com/mkheyfets/ispro-app/internal/restapi/configure_ispro_app.go:106.39,107.117 1 0
github.com/mkheyfets/ispro-app/internal/restapi/configure_ispro_app.go:107.117,111.4 2 0
github.com/mkheyfets/ispro-app/internal/restapi/configure_ispro_app.go:114.2,114.33 1 0
github.com/mkheyfets/ispro-app/internal/restapi/configure_ispro_app.go:114.34,114.35 0 0
github.com/mkheyfets/ispro-app/internal/restapi/configure_ispro_app.go:116.2,116.30 1 0
github.com/mkheyfets/ispro-app/internal/restapi/configure_ispro_app.go:116.31,116.32 0 0
github.com/mkheyfets/ispro-app/internal/restapi/configure_ispro_app.go:118.2,118.59 1 0
github.com/mkheyfets/ispro-app/internal/restapi/configure_ispro_app.go:122.42,125.2 1 0
github.com/mkheyfets/ispro-app/internal/restapi/configure_ispro_app.go:131.64,135.2 3 0
github.com/mkheyfets/ispro-app/internal/restapi/configure_ispro_app.go:139.58,141.2 1 0
github.com/mkheyfets/ispro-app/internal/restapi/configure_ispro_app.go:145.63,147.2 1 0
github.com/mkheyfets/ispro-app/internal/restapi/embedded_spec.go:16.13,735.2 2 0
github.com/mkheyfets/ispro-app/internal/restapi/server.go:38.13,42.2 1 0
github.com/mkheyfets/ispro-app/internal/restapi/server.go:45.53,52.2 5 0
github.com/mkheyfets/ispro-app/internal/restapi/server.go:55.33,56.18 1 0
github.com/mkheyfets/ispro-app/internal/restapi/server.go:56.18,58.3 1 0
github.com/mkheyfets/ispro-app/internal/restapi/server.go:62.35,63.18 1 0
github.com/mkheyfets/ispro-app/internal/restapi/server.go:63.18,65.3 1 0
github.com/mkheyfets/ispro-app/internal/restapi/server.go:107.46,108.41 1 0
github.com/mkheyfets/ispro-app/internal/restapi/server.go:108.41,110.3 1 0
github.com/mkheyfets/ispro-app/internal/restapi/server.go:110.8,112.3 1 0
github.com/mkheyfets/ispro-app/internal/restapi/server.go:117.48,118.41 1 0
github.com/mkheyfets/ispro-app/internal/restapi/server.go:118.41,121.3 2 0
github.com/mkheyfets/ispro-app/internal/restapi/server.go:121.8,123.3 1 0
github.com/mkheyfets/ispro-app/internal/restapi/server.go:127.54,128.16 1 0
github.com/mkheyfets/ispro-app/internal/restapi/server.go:128.16,132.3 3 0
github.com/mkheyfets/ispro-app/internal/restapi/server.go:134.2,135.31 2 0
github.com/mkheyfets/ispro-app/internal/restapi/server.go:138.48,140.23 2 0
github.com/mkheyfets/ispro-app/internal/restapi/server.go:140.23,142.3 1 0
github.com/mkheyfets/ispro-app/internal/restapi/server.go:144.2,144.28 1 0
github.com/mkheyfets/ispro-app/internal/restapi/server.go:144.28,145.18 1 0
github.com/mkheyfets/ispro-app/internal/restapi/server.go:145.18,147.4 1 0
github.com/mkheyfets/ispro-app/internal/restapi/server.go:149.2,149.14 1 0
github.com/mkheyfets/ispro-app/internal/restapi/server.go:153.38,154.21 1 0
github.com/mkheyfets/ispro-app/internal/restapi/server.go:154.21,155.35 1 0
github.com/mkheyfets/ispro-app/internal/restapi/server.go:155.35,157.4 1 0
github.com/mkheyfets/ispro-app/internal/restapi/server.go:161.2,161.22 1 0
github.com/mkheyfets/ispro-app/internal/restapi/server.go:161.22,162.19 1 0
github.com/mkheyfets/ispro-app/internal/restapi/server.go:162.19,164.4 1 0
github.com/mkheyfets/ispro-app/internal/restapi/server.go:166.3,166.33 1 0
github.com/mkheyfets/ispro-app/internal/restapi/server.go:169.2,176.29 6 0
github.com/mkheyfets/ispro-app/internal/restapi/server.go:176.29,180.34 4 0
github.com/mkheyfets/ispro-app/internal/restapi/server.go:180.34,182.4 1 0
github.com/mkheyfets/ispro-app/internal/restapi/server.go:184.3,189.27 5 0
github.com/mkheyfets/ispro-app/internal/restapi/server.go:189.27,191.104 2 0
github.com/mkheyfets/ispro-app/internal/restapi/server.go:191.104,193.5 1 0
github.com/mkheyfets/ispro-app/internal/restapi/server.go:194.4,194.66 1 0
github.com/mkheyfets/ispro-app/internal/restapi/server.go:198.2,198.29 1 0
github.com/mkheyfets/ispro-app/internal/restapi/server.go:198.29,204.24 6 0
github.com/mkheyfets/ispro-app/internal/restapi/server.go:204.24,206.4 1 0
github.com/mkheyfets/ispro-app/internal/restapi/server.go:208.3,208.34 1 0
github.com/mkheyfets/ispro-app/internal/restapi/server.go:208.34,210.4 1 0
github.com/mkheyfets/ispro-app/internal/restapi/server.go:212.3,219.27 6 0
github.com/mkheyfets/ispro-app/internal/restapi/server.go:219.27,221.102 2 0
github.com/mkheyfets/ispro-app/internal/restapi/server.go:221.102,223.5 1 0
github.com/mkheyfets/ispro-app/internal/restapi/server.go:224.4,224.62 1 0
github.com/mkheyfets/ispro-app/internal/restapi/server.go:228.2,228.30 1 0
github.com/mkheyfets/ispro-app/internal/restapi/server.go:228.30,234.27 6 0
github.com/mkheyfets/ispro-app/internal/restapi/server.go:234.27,236.4 1 0
github.com/mkheyfets/ispro-app/internal/restapi/server.go:237.3,237.34 1 0
github.com/mkheyfets/ispro-app/internal/restapi/server.go:237.34,239.4 1 0
github.com/mkheyfets/ispro-app/internal/restapi/server.go:240.3,266.58 3 0
github.com/mkheyfets/ispro-app/internal/restapi/server.go:266.58,269.18 3 0
github.com/mkheyfets/ispro-app/internal/restapi/server.go:269.18,271.5 1 0
github.com/mkheyfets/ispro-app/internal/restapi/server.go:274.3,274.31 1 0
github.com/mkheyfets/ispro-app/internal/restapi/server.go:274.31,277.24 2 0
github.com/mkheyfets/ispro-app/internal/restapi/server.go:277.24,279.5 1 0
github.com/mkheyfets/ispro-app/internal/restapi/server.go:280.4,282.11 3 0
github.com/mkheyfets/ispro-app/internal/restapi/server.go:282.11,284.5 1 0
github.com/mkheyfets/ispro-app/internal/restapi/server.go:285.4,286.69 2 0
github.com/mkheyfets/ispro-app/internal/restapi/server.go:290.3,292.98 2 0
github.com/mkheyfets/ispro-app/internal/restapi/server.go:292.98,294.30 1 0
github.com/mkheyfets/ispro-app/internal/restapi/server.go:294.30,295.34 1 0
github.com/mkheyfets/ispro-app/internal/restapi/server.go:295.34,297.6 1 0
github.com/mkheyfets/ispro-app/internal/restapi/server.go:298.5,298.72 1 0
github.com/mkheyfets/ispro-app/internal/restapi/server.go:300.4,300.33 1 0
github.com/mkheyfets/ispro-app/internal/restapi/server.go:300.33,302.5 1 0
github.com/mkheyfets/ispro-app/internal/restapi/server.go:304.4,304.53 1 0
github.com/mkheyfets/ispro-app/internal/restapi/server.go:307.3,312.27 5 0
github.com/mkheyfets/ispro-app/internal/restapi/server.go:312.27,314.103 2 0
github.com/mkheyfets/ispro-app/internal/restapi/server.go:314.103,316.5 1 0
github.com/mkheyfets/ispro-app/internal/restapi/server.go:317.4,317.63 1 0
github.com/mkheyfets/ispro-app/internal/restapi/server.go:321.2,325.12 4 0
github.com/mkheyfets/ispro-app/internal/restapi/server.go:329.33,330.20 1 0
github.com/mkheyfets/ispro-app/internal/restapi/server.go:330.20,332.3 1 0
github.com/mkheyfets/ispro-app/internal/restapi/server.go:334.2,334.30 1 0
github.com/mkheyfets/ispro-app/internal/restapi/server.go:334.30,336.22 1 0
github.com/mkheyfets/ispro-app/internal/restapi/server.go:336.22,338.4 1 0
github.com/mkheyfets/ispro-app/internal/restapi/server.go:340.3,340.28 1 0
github.com/mkheyfets/ispro-app/internal/restapi/server.go:340.28,342.4 1 0
github.com/mkheyfets/ispro-app/internal/restapi/server.go:344.3,344.33 1 0
github.com/mkheyfets/ispro-app/internal/restapi/server.go:344.33,346.4 1 0
github.com/mkheyfets/ispro-app/internal/restapi/server.go:348.3,348.35 1 0
github.com/mkheyfets/ispro-app/internal/restapi/server.go:348.35,350.4 1 0
github.com/mkheyfets/ispro-app/internal/restapi/server.go:352.3,352.36 1 0
github.com/mkheyfets/ispro-app/internal/restapi/server.go:352.36,354.4 1 0
github.com/mkheyfets/ispro-app/internal/restapi/server.go:357.2,357.29 1 0
github.com/mkheyfets/ispro-app/internal/restapi/server.go:357.29,359.17 2 0
github.com/mkheyfets/ispro-app/internal/restapi/server.go:359.17,361.4 1 0
github.com/mkheyfets/ispro-app/internal/restapi/server.go:362.3,362.36 1 0
github.com/mkheyfets/ispro-app/internal/restapi/server.go:365.2,365.29 1 0
github.com/mkheyfets/ispro-app/internal/restapi/server.go:365.29,367.17 2 0
github.com/mkheyfets/ispro-app/internal/restapi/server.go:367.17,369.4 1 0
github.com/mkheyfets/ispro-app/internal/restapi/server.go:371.3,372.17 2 0
github.com/mkheyfets/ispro-app/internal/restapi/server.go:372.17,374.4 1 0
github.com/mkheyfets/ispro-app/internal/restapi/server.go:375.3,377.27 3 0
github.com/mkheyfets/ispro-app/internal/restapi/server.go:380.2,380.30 1 0
github.com/mkheyfets/ispro-app/internal/restapi/server.go:380.30,382.17 2 0
github.com/mkheyfets/ispro-app/internal/restapi/server.go:382.17,384.4 1 0
github.com/mkheyfets/ispro-app/internal/restapi/server.go:386.3,387.17 2 0
github.com/mkheyfets/ispro-app/internal/restapi/server.go:387.17,389.4 1 0
github.com/mkheyfets/ispro-app/internal/restapi/server.go:390.3,392.31 3 0
github.com/mkheyfets/ispro-app/internal/restapi/server.go:395.2,396.12 2 0
github.com/mkheyfets/ispro-app/internal/restapi/server.go:400.35,401.55 1 0
github.com/mkheyfets/ispro-app/internal/restapi/server.go:401.55,403.3 1 0
github.com/mkheyfets/ispro-app/internal/restapi/server.go:404.2,404.12 1 0
github.com/mkheyfets/ispro-app/internal/restapi/server.go:407.81,423.25 8 0
github.com/mkheyfets/ispro-app/internal/restapi/server.go:423.25,425.13 2 0
github.com/mkheyfets/ispro-app/internal/restapi/server.go:425.13,427.17 2 0
github.com/mkheyfets/ispro-app/internal/restapi/server.go:427.17,429.5 1 0
github.com/mkheyfets/ispro-app/internal/restapi/server.go:430.4,430.47 1 0
github.com/mkheyfets/ispro-app/internal/restapi/server.go:430.47,433.5 1 0
github.com/mkheyfets/ispro-app/internal/restapi/server.go:433.10,435.5 1 0
github.com/mkheyfets/ispro-app/internal/restapi/server.go:440.2,441.20 2 0
github.com/mkheyfets/ispro-app/internal/restapi/server.go:441.20,443.3 1 0
github.com/mkheyfets/ispro-app/internal/restapi/server.go:444.2,444.13 1 0
github.com/mkheyfets/ispro-app/internal/restapi/server.go:444.13,446.3 1 0
github.com/mkheyfets/ispro-app/internal/restapi/server.go:450.44,452.2 1 0
github.com/mkheyfets/ispro-app/internal/restapi/server.go:455.51,457.2 1 0
github.com/mkheyfets/ispro-app/internal/restapi/server.go:460.55,461.21 1 0
github.com/mkheyfets/ispro-app/internal/restapi/server.go:461.21,462.36 1 0
github.com/mkheyfets/ispro-app/internal/restapi/server.go:462.36,464.4 1 0
github.com/mkheyfets/ispro-app/internal/restapi/server.go:466.2,466.29 1 0
github.com/mkheyfets/ispro-app/internal/restapi/server.go:470.55,471.21 1 0
github.com/mkheyfets/ispro-app/internal/restapi/server.go:471.21,472.36 1 0
github.com/mkheyfets/ispro-app/internal/restapi/server.go:472.36,474.4 1 0
github.com/mkheyfets/ispro-app/internal/restapi/server.go:476.2,476.27 1 0
github.com/mkheyfets/ispro-app/internal/restapi/server.go:480.54,481.21 1 0
github.com/mkheyfets/ispro-app/internal/restapi/server.go:481.21,482.36 1 0
github.com/mkheyfets/ispro-app/internal/restapi/server.go:482.36,484.4 1 0
github.com/mkheyfets/ispro-app/internal/restapi/server.go:486.2,486.28 1 0
github.com/mkheyfets/ispro-app/internal/restapi/server.go:489.50,490.17 1 0
github.com/mkheyfets/ispro-app/internal/restapi/server.go:490.17,491.25 1 0
github.com/mkheyfets/ispro-app/internal/restapi/server.go:491.25,492.21 1 0
github.com/mkheyfets/ispro-app/internal/restapi/server.go:492.21,494.13 2 0
github.com/mkheyfets/ispro-app/internal/restapi/server.go:496.4,498.39 3 0
github.com/mkheyfets/ispro-app/internal/restapi/server.go:498.39,500.5 1 0
github.com/mkheyfets/ispro-app/internal/restapi/server.go:505.47,507.2 1 0
github.com/mkheyfets/ispro-app/internal/models/entry.go:38.57,41.53 2 0
github.com/mkheyfets/ispro-app/internal/models/entry.go:41.53,43.3 1 0
github.com/mkheyfets/ispro-app/internal/models/entry.go:45.2,45.53 1 0
github.com/mkheyfets/ispro-app/internal/models/entry.go:45.53,47.3 1 0
github.com/mkheyfets/ispro-app/internal/models/entry.go:49.2,49.18 1 0
github.com/mkheyfets/ispro-app/internal/models/entry.go:49.18,51.3 1 0
github.com/mkheyfets/ispro-app/internal/models/entry.go:52.2,52.12 1 0
github.com/mkheyfets/ispro-app/internal/models/entry.go:55.66,56.30 1 0
github.com/mkheyfets/ispro-app/internal/models/entry.go:56.30,58.3 1 0
github.com/mkheyfets/ispro-app/internal/models/entry.go:60.2,60.108 1 0
github.com/mkheyfets/ispro-app/internal/models/entry.go:60.108,62.3 1 0
github.com/mkheyfets/ispro-app/internal/models/entry.go:64.2,64.12 1 0
github.com/mkheyfets/ispro-app/internal/models/entry.go:67.66,68.30 1 0
github.com/mkheyfets/ispro-app/internal/models/entry.go:68.30,70.3 1 0
github.com/mkheyfets/ispro-app/internal/models/entry.go:72.2,72.108 1 0
github.com/mkheyfets/ispro-app/internal/models/entry.go:72.108,74.3 1 0
github.com/mkheyfets/ispro-app/internal/models/entry.go:76.2,76.12 1 0
github.com/mkheyfets/ispro-app/internal/models/entry.go:80.85,82.2 1 0
github.com/mkheyfets/ispro-app/internal/models/entry.go:85.49,86.14 1 0
github.com/mkheyfets/ispro-app/internal/models/entry.go:86.14,88.3 1 0
github.com/mkheyfets/ispro-app/internal/models/entry.go:89.2,89.26 1 0
github.com/mkheyfets/ispro-app/internal/models/entry.go:93.49,95.47 2 0
github.com/mkheyfets/ispro-app/internal/models/entry.go:95.47,97.3 1 0
github.com/mkheyfets/ispro-app/internal/models/entry.go:98.2,99.12 2 0
github.com/mkheyfets/ispro-app/internal/models/entry_input.go:28.62,31.49 2 0
github.com/mkheyfets/ispro-app/internal/models/entry_input.go:31.49,33.3 1 0
github.com/mkheyfets/ispro-app/internal/models/entry_input.go:35.2,35.18 1 0
github.com/mkheyfets/ispro-app/internal/models/entry_input.go:35.18,37.3 1 0
github.com/mkheyfets/ispro-app/internal/models/entry_input.go:38.2,38.12 1 0
github.com/mkheyfets/ispro-app/internal/models/entry_input.go:41.67,43.68 1 0
github.com/mkheyfets/ispro-app/internal/models/entry_input.go:43.68,45.3 1 0
github.com/mkheyfets/ispro-app/internal/models/entry_input.go:47.2,47.12 1 0
github.com/mkheyfets/ispro-app/internal/models/entry_input.go:51.90,53.2 1 0
github.com/mkheyfets/ispro-app/internal/models/entry_input.go:56.54,57.14 1 0
github.com/mkheyfets/ispro-app/internal/models/entry_input.go:57.14,59.3 1 0
github.com/mkheyfets/ispro-app/internal/models/entry_input.go:60.2,60.26 1 0
github.com/mkheyfets/ispro-app/internal/models/entry_input.go:64.54,66.47 2 0
github.com/mkheyfets/ispro-app/internal/models/entry_input.go:66.47,68.3 1 0
github.com/mkheyfets/ispro-app/internal/models/entry_input.go:69.2,70.12 2 0
github.com/mkheyfets/ispro-app/internal/models/link.go:28.56,30.2 1 0
github.com/mkheyfets/ispro-app/internal/models/link.go:33.84,35.2 1 0
github.com/mkheyfets/ispro-app/internal/models/link.go:38.48,39.14 1 0
github.com/mkheyfets/ispro-app/internal/models/link.go:39.14,41.3 1 0
github.com/mkheyfets/ispro-app/internal/models/link.go:42.2,42.26 1 0
github.com/mkheyfets/ispro-app/internal/models/link.go:46.48,48.47 2 0
github.com/mkheyfets/ispro-app/internal/models/link.go:48.47,50.3 1 0
github.com/mkheyfets/ispro-app/internal/models/link.go:51.2,52.12 2 0
github.com/mkheyfets/ispro-app/internal/models/link_input.go:29.61,32.52 2 0
github.com/mkheyfets/ispro-app/internal/models/link_input.go:32.52,34.3 1 0
github.com/mkheyfets/ispro-app/internal/models/link_input.go:36.2,36.52 1 0
github.com/mkheyfets/ispro-app/internal/models/link_input.go:36.52,38.3 1 0
github.com/mkheyfets/ispro-app/internal/models/link_input.go:40.2,40.18 1 0
github.com/mkheyfets/ispro-app/internal/models/link_input.go:40.18,42.3 1 0
github.com/mkheyfets/ispro-app/internal/models/link_input.go:43.2,43.12 1 0
github.com/mkheyfets/ispro-app/internal/models/link_input.go:46.69,48.75 1 0
github.com/mkheyfets/ispro-app/internal/models/link_input.go:48.75,50.3 1 0
github.com/mkheyfets/ispro-app/internal/models/link_input.go:52.2,52.12 1 0
github.com/mkheyfets/ispro-app/internal/models/link_input.go:55.69,57.75 1 0
github.com/mkheyfets/ispro-app/internal/models/link_input.go:57.75,59.3 1 0
github.com/mkheyfets/ispro-app/internal/models/link_input.go:61.2,61.12 1 0
github.com/mkheyfets/ispro-app/internal/models/link_input.go:65.89,67.2 1 0
github.com/mkheyfets/ispro-app/internal/models/link_input.go:70.53,71.14 1 0
github.com/mkheyfets/ispro-app/internal/models/link_input.go:71.14,73.3 1 0
github.com/mkheyfets/ispro-app/internal/models/link_input.go:74.2,74.26 1 0
github.com/mkheyfets/ispro-app/internal/models/link_input.go:78.53,80.47 2 0
github.com/mkheyfets/ispro-app/internal/models/link_input.go:80.47,82.3 1 0
github.com/mkheyfets/ispro-app/internal/models/link_input.go:83.2,84.12 2 0
github.com/mkheyfets/ispro-app/internal/restapi/operations/links/create_link.go:15.86,17.2 1 0
github.com/mkheyfets/ispro-app/internal/restapi/operations/links/create_link.go:25.84,27.2 1 0
github.com/mkheyfets/ispro-app/internal/restapi/operations/links/create_link.go:39.73,41.17 2 0
github.com/mkheyfets/ispro-app/internal/restapi/operations/links/create_link.go:41.17,43.3 1 0
github.com/mkheyfets/ispro-app/internal/restapi/operations/links/create_link.go:44.2,45.70 2 0
github.com/mkheyfets/ispro-app/internal/restapi/operations/links/create_link.go:45.70,48.3 2 0
github.com/mkheyfets/ispro-app/internal/restapi/operations/links/create_link.go:50.2,52.54 2 0
github.com/mkheyfets/ispro-app/internal/restapi/operations/links/create_link_parameters.go:21.45,24.2 1 0
github.com/mkheyfets/ispro-app/internal/restapi/operations/links/create_link_parameters.go:45.95,50.24 3 0
github.com/mkheyfets/ispro-app/internal/restapi/operations/links/create_link_parameters.go:50.24,51.16 1 0
github.com/mkheyfets/ispro-app/internal/restapi/operations/links/create_link_parameters.go:51.16,53.4 1 0
github.com/mkheyfets/ispro-app/internal/restapi/operations/links/create_link_parameters.go:54.3,55.63 2 0
github.com/mkheyfets/ispro-app/internal/restapi/operations/links/create_link_parameters.go:55.63,56.33 1 0
github.com/mkheyfets/ispro-app/internal/restapi/operations/links/create_link_parameters.go:56.33,58.5 1 0
github.com/mkheyfets/ispro-app/internal/restapi/operations/links/create_link_parameters.go:58.10,60.5 1 0
github.com/mkheyfets/ispro-app/internal/restapi/operations/links/create_link_parameters.go:61.9,63.55 1 0
github.com/mkheyfets/ispro-app/internal/restapi/operations/links/create_link_parameters.go:63.55,65.5 1 0
github.com/mkheyfets/ispro-app/internal/restapi/operations/links/create_link_parameters.go:67.4,68.67 2 0
github.com/mkheyfets/ispro-app/internal/restapi/operations/links/create_link_parameters.go:68.67,70.5 1 0
github.com/mkheyfets/ispro-app/internal/restapi/operations/links/create_link_parameters.go:72.4,72.21 1 0
github.com/mkheyfets/ispro-app/internal/restapi/operations/links/create_link_parameters.go:72.21,74.5 1 0
github.com/mkheyfets/ispro-app/internal/restapi/operations/links/create_link_parameters.go:76.8,78.3 1 0
github.com/mkheyfets/ispro-app/internal/restapi/operations/links/create_link_parameters.go:79.2,79.18 1 0
github.com/mkheyfets/ispro-app/internal/restapi/operations/links/create_link_parameters.go:79.18,81.3 1 0
github.com/mkheyfets/ispro-app/internal/restapi/operations/links/create_link_parameters.go:82.2,82.12 1 0
github.com/mkheyfets/ispro-app/internal/restapi/operations/links/create_link_responses.go:30.48,33.2 1 0
github.com/mkheyfets/ispro-app/internal/restapi/operations/links/create_link_responses.go:36.82,39.2 2 0
github.com/mkheyfets/ispro-app/internal/restapi/operations/links/create_link_responses.go:42.62,44.2 1 0
github.com/mkheyfets/ispro-app/internal/restapi/operations/links/create_link_responses.go:47.94,50.22 2 0
github.com/mkheyfets/ispro-app/internal/restapi/operations/links/create_link_responses.go:50.22,52.55 2 0
github.com/mkheyfets/ispro-app/internal/restapi/operations/links/create_link_responses.go:52.55,53.14 1 0
github.com/mkheyfets/ispro-app/internal/restapi/operations/links/create_link_urlbuilder.go:19.64,22.2 2 0
github.com/mkheyfets/ispro-app/internal/restapi/operations/links/create_link_urlbuilder.go:27.48,29.2 1 0
github.com/mkheyfets/ispro-app/internal/restapi/operations/links/create_link_urlbuilder.go:32.51,38.21 4 0
github.com/mkheyfets/ispro-app/internal/restapi/operations/links/create_link_urlbuilder.go:38.21,40.3 1 0
github.com/mkheyfets/ispro-app/internal/restapi/operations/links/create_link_urlbuilder.go:41.2,43.22 2 0
github.com/mkheyfets/ispro-app/internal/restapi/operations/links/create_link_urlbuilder.go:47.62,48.16 1 0
github.com/mkheyfets/ispro-app/internal/restapi/operations/links/create_link_urlbuilder.go:48.16,49.13 1 0
github.com/mkheyfets/ispro-app/internal/restapi/operations/links/create_link_urlbuilder.go:51.2,51.14 1 0
github.com/mkheyfets/ispro-app/internal/restapi/operations/links/create_link_urlbuilder.go:51.14,52.28 1 0
github.com/mkheyfets/ispro-app/internal/restapi/operations/links/create_link_urlbuilder.go:54.2,54.10 1 0
github.com/mkheyfets/ispro-app/internal/restapi/operations/links/create_link_urlbuilder.go:58.41,60.2 1 0
github.com/mkheyfets/ispro-app/internal/restapi/operations/links/create_link_urlbuilder.go:63.74,64.18 1 0
github.com/mkheyfets/ispro-app/internal/restapi/operations/links/create_link_urlbuilder.go:64.18,66.3 1 0
github.com/mkheyfets/ispro-app/internal/restapi/operations/links/create_link_urlbuilder.go:67.2,67.16 1 0
github.com/mkheyfets/ispro-app/internal/restapi/operations/links/create_link_urlbuilder.go:67.16,69.3 1 0
github.com/mkheyfets/ispro-app/internal/restapi/operations/links/create_link_urlbuilder.go:71.2,72.16 2 0
github.com/mkheyfets/ispro-app/internal/restapi/operations/links/create_link_urlbuilder.go:72.16,74.3 1 0
github.com/mkheyfets/ispro-app/internal/restapi/operations/links/create_link_urlbuilder.go:76.2,78.18 3 0
github.com/mkheyfets/ispro-app/internal/restapi/operations/links/create_link_urlbuilder.go:82.64,84.2 1 0
github.com/mkheyfets/ispro-app/internal/restapi/operations/links/delete_link.go:15.86,17.2 1 0
github.com/mkheyfets/ispro-app/internal/restapi/operations/links/delete_link.go:25.84,27.2 1 0
github.com/mkheyfets/ispro-app/internal/restapi/operations/links/delete_link.go:39.73,41.17 2 0
github.com/mkheyfets/ispro-app/internal/restapi/operations/links/delete_link.go:41.17,43.3 1 0
github.com/mkheyfets/ispro-app/internal/restapi/operations/links/delete_link.go:44.2,45.70 2 0
github.com/mkheyfets/ispro-app/internal/restapi/operations/links/delete_link.go:45.70,48.3 2 0
github.com/mkheyfets/ispro-app/internal/restapi/operations/links/delete_link.go:50.2,52.54 2 0
github.com/mkheyfets/ispro-app/internal/restapi/operations/links/delete_link_parameters.go:17.45,20.2 1 0
github.com/mkheyfets/ispro-app/internal/restapi/operations/links/delete_link_parameters.go:41.95,47.60 4 0
github.com/mkheyfets/ispro-app/internal/restapi/operations/links/delete_link_parameters.go:47.60,49.3 1 0
github.com/mkheyfets/ispro-app/internal/restapi/operations/links/delete_link_parameters.go:50.2,50.18 1 0
github.com/mkheyfets/ispro-app/internal/restapi/operations/links/delete_link_parameters.go:50.18,52.3 1 0
github.com/mkheyfets/ispro-app/internal/restapi/operations/links/delete_link_parameters.go:53.2,53.12 1 0
github.com/mkheyfets/ispro-app/internal/restapi/operations/links/delete_link_parameters.go:57.97,59.22 2 0
github.com/mkheyfets/ispro-app/internal/restapi/operations/links/delete_link_parameters.go:59.22,61.3 1 0
github.com/mkheyfets/ispro-app/internal/restapi/operations/links/delete_link_parameters.go:66.2,67.16 2 0
github.com/mkheyfets/ispro-app/internal/restapi/operations/links/delete_link_parameters.go:67.16,69.3 1 0
github.com/mkheyfets/ispro-app/internal/restapi/operations/links/delete_link_parameters.go:70.2,72.12 2 0
github.com/mkheyfets/ispro-app/internal/restapi/operations/links/delete_link_responses.go:23.52,26.2 1 0
github.com/mkheyfets/ispro-app/internal/restapi/operations/links/delete_link_responses.go:29.96,34.2 2 0
github.com/mkheyfets/ispro-app/internal/restapi/operations/links/delete_link_responses.go:48.50,51.2 1 0
github.com/mkheyfets/ispro-app/internal/restapi/operations/links/delete_link_responses.go:54.95,59.2 2 0
github.com/mkheyfets/ispro-app/internal/restapi/operations/links/delete_link_urlbuilder.go:26.64,29.2 2 0
github.com/mkheyfets/ispro-app/internal/restapi/operations/links/delete_link_urlbuilder.go:34.48,36.2 1 0
github.com/mkheyfets/ispro-app/internal/restapi/operations/links/delete_link_urlbuilder.go:39.51,45.14 4 0
github.com/mkheyfets/ispro-app/internal/restapi/operations/links/delete_link_urlbuilder.go:45.14,47.3 1 0
github.com/mkheyfets/ispro-app/internal/restapi/operations/links/delete_link_urlbuilder.go:47.8,49.3 1 0
github.com/mkheyfets/ispro-app/internal/restapi/operations/links/delete_link_urlbuilder.go:51.2,52.21 2 0
github.com/mkheyfets/ispro-app/internal/restapi/operations/links/delete_link_urlbuilder.go:52.21,54.3 1 0
github.com/mkheyfets/ispro-app/internal/restapi/operations/links/delete_link_urlbuilder.go:55.2,57.22 2 0
github.com/mkheyfets/ispro-app/internal/restapi/operations/links/delete_link_urlbuilder.go:61.62,62.16 1 0
github.com/mkheyfets/ispro-app/internal/restapi/operations/links/delete_link_urlbuilder.go:62.16,63.13 1 0
github.com/mkheyfets/ispro-app/internal/restapi/operations/links/delete_link_urlbuilder.go:65.2,65.14 1 0
github.com/mkheyfets/ispro-app/internal/restapi/operations/links/delete_link_urlbuilder.go:65.14,66.28 1 0
github.com/mkheyfets/ispro-app/internal/restapi/operations/links/delete_link_urlbuilder.go:68.2,68.10 1 0
github.com/mkheyfets/ispro-app/internal/restapi/operations/links/delete_link_urlbuilder.go:72.41,74.2 1 0
github.com/mkheyfets/ispro-app/internal/restapi/operations/links/delete_link_urlbuilder.go:77.74,78.18 1 0
github.com/mkheyfets/ispro-app/internal/restapi/operations/links/delete_link_urlbuilder.go:78.18,80.3 1 0
github.com/mkheyfets/ispro-app/internal/restapi/operations/links/delete_link_urlbuilder.go:81.2,81.16 1 0
github.com/mkheyfets/ispro-app/internal/restapi/operations/links/delete_link_urlbuilder.go:81.16,83.3 1 0
github.com/mkheyfets/ispro-app/internal/restapi/operations/links/delete_link_urlbuilder.go:85.2,86.16 2 0
github.com/mkheyfets/ispro-app/internal/restapi/operations/links/delete_link_urlbuilder.go:86.16,88.3 1 0
github.com/mkheyfets/ispro-app/internal/restapi/operations/links/delete_link_urlbuilder.go:90.2,92.18 3 0
github.com/mkheyfets/ispro-app/internal/restapi/operations/links/delete_link_urlbuilder.go:96.64,98.2 1 0
github.com/mkheyfets/ispro-app/internal/restapi/operations/links/get_link.go:15.80,17.2 1 0
github.com/mkheyfets/ispro-app/internal/restapi/operations/links/get_link.go:25.75,27.2 1 0
github.com/mkheyfets/ispro-app/internal/restapi/operations/links/get_link.go:39.70,41.17 2 0
github.com/mkheyfets/ispro-app/internal/restapi/operations/links/get_link.go:41.17,43.3 1 0
github.com/mkheyfets/ispro-app/internal/restapi/operations/links/get_link.go:44.2,45.70 2 0
github.com/mkheyfets/ispro-app/internal/restapi/operations/links/get_link.go:45.70,48.3 2 0
github.com/mkheyfets/ispro-app/internal/restapi/operations/links/get_link.go:50.2,52.54 2 0
github.com/mkheyfets/ispro-app/internal/restapi/operations/links/get_link_parameters.go:17.39,20.2 1 0
github.com/mkheyfets/ispro-app/internal/restapi/operations/links/get_link_parameters.go:41.92,47.60 4 0
github.com/mkheyfets/ispro-app/internal/restapi/operations/links/get_link_parameters.go:47.60,49.3 1 0
github.com/mkheyfets/ispro-app/internal/restapi/operations/links/get_link_parameters.go:50.2,50.18 1 0
github.com/mkheyfets/ispro-app/internal/restapi/operations/links/get_link_parameters.go:50.18,52.3 1 0
github.com/mkheyfets/ispro-app/internal/restapi/operations/links/get_link_parameters.go:53.2,53.12 1 0
github.com/mkheyfets/ispro-app/internal/restapi/operations/links/get_link_parameters.go:57.94,59.22 2 0
github.com/mkheyfets/ispro-app/internal/restapi/operations/links/get_link_parameters.go:59.22,61.3 1 0
github.com/mkheyfets/ispro-app/internal/restapi/operations/links/get_link_parameters.go:66.2,67.16 2 0
github.com/mkheyfets/ispro-app/internal/restapi/operations/links/get_link_parameters.go:67.16,69.3 1 0
github.com/mkheyfets/ispro-app/internal/restapi/operations/links/get_link_parameters.go:70.2,72.12 2 0
github.com/mkheyfets/ispro-app/internal/restapi/operations/links/get_link_responses.go:30.32,33.2 1 0
github.com/mkheyfets/ispro-app/internal/restapi/operations/links/get_link_responses.go:36.66,39.2 2 0
github.com/mkheyfets/ispro-app/internal/restapi/operations/links/get_link_responses.go:42.54,44.2 1 0
github.com/mkheyfets/ispro-app/internal/restapi/operations/links/get_link_responses.go:47.86,50.22 2 0
github.com/mkheyfets/ispro-app/internal/restapi/operations/links/get_link_responses.go:50.22,52.55 2 0
github.com/mkheyfets/ispro-app/internal/restapi/operations/links/get_link_responses.go:52.55,53.14 1 0
github.com/mkheyfets/ispro-app/internal/restapi/operations/links/get_link_responses.go:70.44,73.2 1 0
github.com/mkheyfets/ispro-app/internal/restapi/operations/links/get_link_responses.go:76.92,81.2 2 0
github.com/mkheyfets/ispro-app/internal/restapi/operations/links/get_link_urlbuilder.go:26.58,29.2 2 0
github.com/mkheyfets/ispro-app/internal/restapi/operations/links/get_link_urlbuilder.go:34.45,36.2 1 0
github.com/mkheyfets/ispro-app/internal/restapi/operations/links/get_link_urlbuilder.go:39.48,45.14 4 0
github.com/mkheyfets/ispro-app/internal/restapi/operations/links/get_link_urlbuilder.go:45.14,47.3 1 0
github.com/mkheyfets/ispro-app/internal/restapi/operations/links/get_link_urlbuilder.go:47.8,49.3 1 0
github.com/mkheyfets/ispro-app/internal/restapi/operations/links/get_link_urlbuilder.go:51.2,52.21 2 0
github.com/mkheyfets/ispro-app/internal/restapi/operations/links/get_link_urlbuilder.go:52.21,54.3 1 0
github.com/mkheyfets/ispro-app/internal/restapi/operations/links/get_link_urlbuilder.go:55.2,57.22 2 0
github.com/mkheyfets/ispro-app/internal/restapi/operations/links/get_link_urlbuilder.go:61.59,62.16 1 0
github.com/mkheyfets/ispro-app/internal/restapi/operations/links/get_link_urlbuilder.go:62.16,63.13 1 0
github.com/mkheyfets/ispro-app/internal/restapi/operations/links/get_link_urlbuilder.go:65.2,65.14 1 0
github.com/mkheyfets/ispro-app/internal/restapi/operations/links/get_link_urlbuilder.go:65.14,66.28 1 0
github.com/mkheyfets/ispro-app/internal/restapi/operations/links/get_link_urlbuilder.go:68.2,68.10 1 0
github.com/mkheyfets/ispro-app/internal/restapi/operations/links/get_link_urlbuilder.go:72.38,74.2 1 0
github.com/mkheyfets/ispro-app/internal/restapi/operations/links/get_link_urlbuilder.go:77.71,78.18 1 0
github.com/mkheyfets/ispro-app/internal/restapi/operations/links/get_link_urlbuilder.go:78.18,80.3 1 0
github.com/mkheyfets/ispro-app/internal/restapi/operations/links/get_link_urlbuilder.go:81.2,81.16 1 0
github.com/mkheyfets/ispro-app/internal/restapi/operations/links/get_link_urlbuilder.go:81.16,83.3 1 0
github.com/mkheyfets/ispro-app/internal/restapi/operations/links/get_link_urlbuilder.go:85.2,86.16 2 0
github.com/mkheyfets/ispro-app/internal/restapi/operations/links/get_link_urlbuilder.go:86.16,88.3 1 0
github.com/mkheyfets/ispro-app/internal/restapi/operations/links/get_link_urlbuilder.go:90.2,92.18 3 0
github.com/mkheyfets/ispro-app/internal/restapi/operations/links/get_link_urlbuilder.go:96.61,98.2 1 0
github.com/mkheyfets/ispro-app/internal/restapi/operations/links/list_links.go:15.84,17.2 1 0
github.com/mkheyfets/ispro-app/internal/restapi/operations/links/list_links.go:25.81,27.2 1 0
github.com/mkheyfets/ispro-app/internal/restapi/operations/links/list_links.go:39.72,41.17 2 0
github.com/mkheyfets/ispro-app/internal/restapi/operations/links/list_links.go:41.17,43.3 1 0
github.com/mkheyfets/ispro-app/internal/restapi/operations/links/list_links.go:44.2,45.70 2 0
github.com/mkheyfets/ispro-app/internal/restapi/operations/links/list_links.go:45.70,48.3 2 0
github.com/mkheyfets/ispro-app/internal/restapi/operations/links/list_links.go:50.2,52.54 2 0
github.com/mkheyfets/ispro-app/internal/restapi/operations/links/list_links_parameters.go:15.43,18.2 1 0
github.com/mkheyfets/ispro-app/internal/restapi/operations/links/list_links_parameters.go:33.94,38.18 3 0
github.com/mkheyfets/ispro-app/internal/restapi/operations/links/list_links_parameters.go:38.18,40.3 1 0
github.com/mkheyfets/ispro-app/internal/restapi/operations/links/list_links_parameters.go:41.2,41.12 1 0
github.com/mkheyfets/ispro-app/internal/restapi/operations/links/list_links_responses.go:30.36,33.2 1 0
github.com/mkheyfets/ispro-app/internal/restapi/operations/links/list_links_responses.go:36.72,39.2 2 0
github.com/mkheyfets/ispro-app/internal/restapi/operations/links/list_links_responses.go:42.58,44.2 1 0
github.com/mkheyfets/ispro-app/internal/restapi/operations/links/list_links_responses.go:47.88,51.20 3 0
github.com/mkheyfets/ispro-app/internal/restapi/operations/links/list_links_responses.go:51.20,54.3 1 0
github.com/mkheyfets/ispro-app/internal/restapi/operations/links/list_links_responses.go:56.2,56.54 1 0
github.com/mkheyfets/ispro-app/internal/restapi/operations/links/list_links_responses.go:56.54,57.13 1 0
github.com/mkheyfets/ispro-app/internal/restapi/operations/links/list_links_urlbuilder.go:19.62,22.2 2 0
github.com/mkheyfets/ispro-app/internal/restapi/operations/links/list_links_urlbuilder.go:27.47,29.2 1 0
github.com/mkheyfets/ispro-app/internal/restapi/operations/links/list_links_urlbuilder.go:32.50,38.21 4 0
github.com/mkheyfets/ispro-app/internal/restapi/operations/links/list_links_urlbuilder.go:38.21,40.3 1 0
github.com/mkheyfets/ispro-app/internal/restapi/operations/links/list_links_urlbuilder.go:41.2,43.22 2 0
github.com/mkheyfets/ispro-app/internal/restapi/operations/links/list_links_urlbuilder.go:47.61,48.16 1 0
github.com/mkheyfets/ispro-app/internal/restapi/operations/links/list_links_urlbuilder.go:48.16,49.13 1 0
github.com/mkheyfets/ispro-app/internal/restapi/operations/links/list_links_urlbuilder.go:51.2,51.14 1 0
github.com/mkheyfets/ispro-app/internal/restapi/operations/links/list_links_urlbuilder.go:51.14,52.28 1 0
github.com/mkheyfets/ispro-app/internal/restapi/operations/links/list_links_urlbuilder.go:54.2,54.10 1 0
github.com/mkheyfets/ispro-app/internal/restapi/operations/links/list_links_urlbuilder.go:58.40,60.2 1 0
github.com/mkheyfets/ispro-app/internal/restapi/operations/links/list_links_urlbuilder.go:63.73,64.18 1 0
github.com/mkheyfets/ispro-app/internal/restapi/operations/links/list_links_urlbuilder.go:64.18,66.3 1 0
github.com/mkheyfets/ispro-app/internal/restapi/operations/links/list_links_urlbuilder.go:67.2,67.16 1 0
github.com/mkheyfets/ispro-app/internal/restapi/operations/links/list_links_urlbuilder.go:67.16,69.3 1 0
github.com/mkheyfets/ispro-app/internal/restapi/operations/links/list_links_urlbuilder.go:71.2,72.16 2 0
github.com/mkheyfets/ispro-app/internal/restapi/operations/links/list_links_urlbuilder.go:72.16,74.3 1 0
github.com/mkheyfets/ispro-app/internal/restapi/operations/links/list_links_urlbuilder.go:76.2,78.18 3 0
github.com/mkheyfets/ispro-app/internal/restapi/operations/links/list_links_urlbuilder.go:82.63,84.2 1 0
github.com/mkheyfets/ispro-app/internal/restapi/operations/links/update_link.go:15.86,17.2 1 0
github.com/mkheyfets/ispro-app/internal/restapi/operations/links/update_link.go:25.84,27.2 1 0
github.com/mkheyfets/ispro-app/internal/restapi/operations/links/update_link.go:39.73,41.17 2 0
github.com/mkheyfets/ispro-app/internal/restapi/operations/links/update_link.go:41.17,43.3 1 0
github.com/mkheyfets/ispro-app/internal/restapi/operations/links/update_link.go:44.2,45.70 2 0
github.com/mkheyfets/ispro-app/internal/restapi/operations/links/update_link.go:45.70,48.3 2 0
github.com/mkheyfets/ispro-app/internal/restapi/operations/links/update_link.go:50.2,52.54 2 0
github.com/mkheyfets/ispro-app/internal/restapi/operations/links/update_link_parameters.go:23.45,26.2 1 0
github.com/mkheyfets/ispro-app/internal/restapi/operations/links/update_link_parameters.go:53.95,58.24 3 0
github.com/mkheyfets/ispro-app/internal/restapi/operations/links/update_link_parameters.go:58.24,59.16 1 0
github.com/mkheyfets/ispro-app/internal/restapi/operations/links/update_link_parameters.go:59.16,61.4 1 0
github.com/mkheyfets/ispro-app/internal/restapi/operations/links/update_link_parameters.go:62.3,63.63 2 0
github.com/mkheyfets/ispro-app/internal/restapi/operations/links/update_link_parameters.go:63.63,64.33 1 0
github.com/mkheyfets/ispro-app/internal/restapi/operations/links/update_link_parameters.go:64.33,66.5 1 0
github.com/mkheyfets/ispro-app/internal/restapi/operations/links/update_link_parameters.go:66.10,68.5 1 0
github.com/mkheyfets/ispro-app/internal/restapi/operations/links/update_link_parameters.go:69.9,71.55 1 0
github.com/mkheyfets/ispro-app/internal/restapi/operations/links/update_link_parameters.go:71.55,73.5 1 0
github.com/mkheyfets/ispro-app/internal/restapi/operations/links/update_link_parameters.go:75.4,76.67 2 0
github.com/mkheyfets/ispro-app/internal/restapi/operations/links/update_link_parameters.go:76.67,78.5 1 0
github.com/mkheyfets/ispro-app/internal/restapi/operations/links/update_link_parameters.go:80.4,80.21 1 0
github.com/mkheyfets/ispro-app/internal/restapi/operations/links/update_link_parameters.go:80.21,82.5 1 0
github.com/mkheyfets/ispro-app/internal/restapi/operations/links/update_link_parameters.go:84.8,86.3 1 0
github.com/mkheyfets/ispro-app/internal/restapi/operations/links/update_link_parameters.go:88.2,89.60 2 0
github.com/mkheyfets/ispro-app/internal/restapi/operations/links/update_link_parameters.go:89.60,91.3 1 0
github.com/mkheyfets/ispro-app/internal/restapi/operations/links/update_link_parameters.go:92.2,92.18 1 0
github.com/mkheyfets/ispro-app/internal/restapi/operations/links/update_link_parameters.go:92.18,94.3 1 0
github.com/mkheyfets/ispro-app/internal/restapi/operations/links/update_link_parameters.go:95.2,95.12 1 0
github.com/mkheyfets/ispro-app/internal/restapi/operations/links/update_link_parameters.go:99.97,101.22 2 0
github.com/mkheyfets/ispro-app/internal/restapi/operations/links/update_link_parameters.go:101.22,103.3 1 0
github.com/mkheyfets/ispro-app/internal/restapi/operations/links/update_link_parameters.go:108.2,109.16 2 0
github.com/mkheyfets/ispro-app/internal/restapi/operations/links/update_link_parameters.go:109.16,111.3 1 0
github.com/mkheyfets/ispro-app/internal/restapi/operations/links/update_link_parameters.go:112.2,114.12 2 0
github.com/mkheyfets/ispro-app/internal/restapi/operations/links/update_link_responses.go:30.38,33.2 1 0
github.com/mkheyfets/ispro-app/internal/restapi/operations/links/update_link_responses.go:36.72,39.2 2 0
github.com/mkheyfets/ispro-app/internal/restapi/operations/links/update_link_responses.go:42.57,44.2 1 0
github.com/mkheyfets/ispro-app/internal/restapi/operations/links/update_link_responses.go:47.89,50.22 2 0
github.com/mkheyfets/ispro-app/internal/restapi/operations/links/update_link_responses.go:50.22,52.55 2 0
github.com/mkheyfets/ispro-app/internal/restapi/operations/links/update_link_responses.go:52.55,53.14 1 0
github.com/mkheyfets/ispro-app/internal/restapi/operations/links/update_link_responses.go:70.50,73.2 1 0
github.com/mkheyfets/ispro-app/internal/restapi/operations/links/update_link_responses.go:76.95,81.2 2 0
github.com/mkheyfets/ispro-app/internal/restapi/operations/links/update_link_urlbuilder.go:26.64,29.2 2 0
github.com/mkheyfets/ispro-app/internal/restapi/operations/links/update_link_urlbuilder.go:34.48,36.2 1 0
github.com/mkheyfets/ispro-app/internal/restapi/operations/links/update_link_urlbuilder.go:39.51,45.14 4 0
github.com/mkheyfets/ispro-app/internal/restapi/operations/links/update_link_urlbuilder.go:45.14,47.3 1 0
github.com/mkheyfets/ispro-app/internal/restapi/operations/links/update_link_urlbuilder.go:47.8,49.3 1 0
github.com/mkheyfets/ispro-app/internal/restapi/operations/links/update_link_urlbuilder.go:51.2,52.21 2 0
github.com/mkheyfets/ispro-app/internal/restapi/operations/links/update_link_urlbuilder.go:52.21,54.3 1 0
github.com/mkheyfets/ispro-app/internal/restapi/operations/links/update_link_urlbuilder.go:55.2,57.22 2 0
github.com/mkheyfets/ispro-app/internal/restapi/operations/links/update_link_urlbuilder.go:61.62,62.16 1 0
github.com/mkheyfets/ispro-app/internal/restapi/operations/links/update_link_urlbuilder.go:62.16,63.13 1 0
github.com/mkheyfets/ispro-app/internal/restapi/operations/links/update_link_urlbuilder.go:65.2,65.14 1 0
github.com/mkheyfets/ispro-app/internal/restapi/operations/links/update_link_urlbuilder.go:65.14,66.28 1 0
github.com/mkheyfets/ispro-app/internal/restapi/operations/links/update_link_urlbuilder.go:68.2,68.10 1 0
github.com/mkheyfets/ispro-app/internal/restapi/operations/links/update_link_urlbuilder.go:72.41,74.2 1 0
github.com/mkheyfets/ispro-app/internal/restapi/operations/links/update_link_urlbuilder.go:77.74,78.18 1 0
github.com/mkheyfets/ispro-app/internal/restapi/operations/links/update_link_urlbuilder.go:78.18,80.3 1 0
github.com/mkheyfets/ispro-app/internal/restapi/operations/links/update_link_urlbuilder.go:81.2,81.16 1 0
github.com/mkheyfets/ispro-app/internal/restapi/operations/links/update_link_urlbuilder.go:81.16,83.3 1 0
github.com/mkheyfets/ispro-app/internal/restapi/operations/links/update_link_urlbuilder.go:85.2,86.16 2 0
github.com/mkheyfets/ispro-app/internal/restapi/operations/links/update_link_urlbuilder.go:86.16,88.3 1 0
github.com/mkheyfets/ispro-app/internal/restapi/operations/links/update_link_urlbuilder.go:90.2,92.18 3 0
github.com/mkheyfets/ispro-app/internal/restapi/operations/links/update_link_urlbuilder.go:96.64,98.2 1 0
github.com/mkheyfets/ispro-app/internal/entities/link/domain/link.go:18.85,23.2 1 0
github.com/mkheyfets/ispro-app/internal/entities/link/domain/validation/constraints.go:14.80,16.2 1 0
github.com/mkheyfets/ispro-app/internal/entities/link/domain/validation/constraints.go:18.118,20.2 1 0
github.com/mkheyfets/ispro-app/internal/entities/link/domain/validation/constraints.go:22.114,24.2 1 0
github.com/mkheyfets/ispro-app/internal/entities/link/domain/validation/constraints.go:26.119,27.33 1 0
github.com/mkheyfets/ispro-app/internal/entities/link/domain/validation/constraints.go:27.33,29.3 1 0
github.com/mkheyfets/ispro-app/internal/entities/link/domain/validation/constraints.go:31.2,32.16 2 0
github.com/mkheyfets/ispro-app/internal/entities/link/domain/validation/constraints.go:32.16,34.3 1 0
github.com/mkheyfets/ispro-app/internal/entities/link/domain/validation/constraints.go:35.2,35.18 1 0
github.com/mkheyfets/ispro-app/internal/entities/link/domain/validation/constraints.go:35.18,37.3 1 0
github.com/mkheyfets/ispro-app/internal/entities/link/domain/validation/constraints.go:39.2,39.12 1 0
github.com/mkheyfets/ispro-app/internal/entities/link/query/link.go:9.41,11.2 1 0
github.com/mkheyfets/ispro-app/internal/entities/link/query/link.go:13.47,15.2 1 0
github.com/mkheyfets/ispro-app/internal/entities/link/query/link.go:17.66,22.2 1 0
github.com/mkheyfets/ispro-app/internal/entities/link/query/link.go:24.76,30.2 1 0
github.com/mkheyfets/ispro-app/internal/entities/link/query/link.go:32.50,34.2 1 0
github.com/mkheyfets/ispro-app/internal/restapi/operations/entries/create_entry.go:15.88,17.2 1 0
github.com/mkheyfets/ispro-app/internal/restapi/operations/entries/create_entry.go:25.87,27.2 1 0
github.com/mkheyfets/ispro-app/internal/restapi/operations/entries/create_entry.go:39.74,41.17 2 0
github.com/mkheyfets/ispro-app/internal/restapi/operations/entries/create_entry.go:41.17,43.3 1 0
github.com/mkheyfets/ispro-app/internal/restapi/operations/entries/create_entry.go:44.2,45.70 2 0
github.com/mkheyfets/ispro-app/internal/restapi/operations/entries/create_entry.go:45.70,48.3 2 0
github.com/mkheyfets/ispro-app/internal/restapi/operations/entries/create_entry.go:50.2,52.54 2 0
github.com/mkheyfets/ispro-app/internal/restapi/operations/entries/create_entry_parameters.go:21.47,24.2 1 0
github.com/mkheyfets/ispro-app/internal/restapi/operations/entries/create_entry_parameters.go:45.96,50.24 3 0
github.com/mkheyfets/ispro-app/internal/restapi/operations/entries/create_entry_parameters.go:50.24,51.16 1 0
github.com/mkheyfets/ispro-app/internal/restapi/operations/entries/create_entry_parameters.go:51.16,53.4 1 0
github.com/mkheyfets/ispro-app/internal/restapi/operations/entries/create_entry_parameters.go:54.3,55.63 2 0
github.com/mkheyfets/ispro-app/internal/restapi/operations/entries/create_entry_parameters.go:55.63,56.33 1 0
github.com/mkheyfets/ispro-app/internal/restapi/operations/entries/create_entry_parameters.go:56.33,58.5 1 0
github.com/mkheyfets/ispro-app/internal/restapi/operations/entries/create_entry_parameters.go:58.10,60.5 1 0
github.com/mkheyfets/ispro-app/internal/restapi/operations/entries/create_entry_parameters.go:61.9,63.55 1 0
github.com/mkheyfets/ispro-app/internal/restapi/operations/entries/create_entry_parameters.go:63.55,65.5 1 0
github.com/mkheyfets/ispro-app/internal/restapi/operations/entries/create_entry_parameters.go:67.4,68.67 2 0
github.com/mkheyfets/ispro-app/internal/restapi/operations/entries/create_entry_parameters.go:68.67,70.5 1 0
github.com/mkheyfets/ispro-app/internal/restapi/operations/entries/create_entry_parameters.go:72.4,72.21 1 0
github.com/mkheyfets/ispro-app/internal/restapi/operations/entries/create_entry_parameters.go:72.21,74.5 1 0
github.com/mkheyfets/ispro-app/internal/restapi/operations/entries/create_entry_parameters.go:76.8,78.3 1 0
github.com/mkheyfets/ispro-app/internal/restapi/operations/entries/create_entry_parameters.go:79.2,79.18 1 0
github.com/mkheyfets/ispro-app/internal/restapi/operations/entries/create_entry_parameters.go:79.18,81.3 1 0
github.com/mkheyfets/ispro-app/internal/restapi/operations/entries/create_entry_parameters.go:82.2,82.12 1 0
github.com/mkheyfets/ispro-app/internal/restapi/operations/entries/create_entry_responses.go:30.50,33.2 1 0
github.com/mkheyfets/ispro-app/internal/restapi/operations/entries/create_entry_responses.go:36.85,39.2 2 0
github.com/mkheyfets/ispro-app/internal/restapi/operations/entries/create_entry_responses.go:42.64,44.2 1 0
github.com/mkheyfets/ispro-app/internal/restapi/operations/entries/create_entry_responses.go:47.95,50.22 2 0
github.com/mkheyfets/ispro-app/internal/restapi/operations/entries/create_entry_responses.go:50.22,52.55 2 0
github.com/mkheyfets/ispro-app/internal/restapi/operations/entries/create_entry_responses.go:52.55,53.14 1 0
github.com/mkheyfets/ispro-app/internal/restapi/operations/entries/create_entry_urlbuilder.go:19.66,22.2 2 0
github.com/mkheyfets/ispro-app/internal/restapi/operations/entries/create_entry_urlbuilder.go:27.49,29.2 1 0
github.com/mkheyfets/ispro-app/internal/restapi/operations/entries/create_entry_urlbuilder.go:32.52,38.21 4 0
github.com/mkheyfets/ispro-app/internal/restapi/operations/entries/create_entry_urlbuilder.go:38.21,40.3 1 0
github.com/mkheyfets/ispro-app/internal/restapi/operations/entries/create_entry_urlbuilder.go:41.2,43.22 2 0
github.com/mkheyfets/ispro-app/internal/restapi/operations/entries/create_entry_urlbuilder.go:47.63,48.16 1 0
github.com/mkheyfets/ispro-app/internal/restapi/operations/entries/create_entry_urlbuilder.go:48.16,49.13 1 0
github.com/mkheyfets/ispro-app/internal/restapi/operations/entries/create_entry_urlbuilder.go:51.2,51.14 1 0
github.com/mkheyfets/ispro-app/internal/restapi/operations/entries/create_entry_urlbuilder.go:51.14,52.28 1 0
github.com/mkheyfets/ispro-app/internal/restapi/operations/entries/create_entry_urlbuilder.go:54.2,54.10 1 0
github.com/mkheyfets/ispro-app/internal/restapi/operations/entries/create_entry_urlbuilder.go:58.42,60.2 1 0
github.com/mkheyfets/ispro-app/internal/restapi/operations/entries/create_entry_urlbuilder.go:63.75,64.18 1 0
github.com/mkheyfets/ispro-app/internal/restapi/operations/entries/create_entry_urlbuilder.go:64.18,66.3 1 0
github.com/mkheyfets/ispro-app/internal/restapi/operations/entries/create_entry_urlbuilder.go:67.2,67.16 1 0
github.com/mkheyfets/ispro-app/internal/restapi/operations/entries/create_entry_urlbuilder.go:67.16,69.3 1 0
github.com/mkheyfets/ispro-app/internal/restapi/operations/entries/create_entry_urlbuilder.go:71.2,72.16 2 0
github.com/mkheyfets/ispro-app/internal/restapi/operations/entries/create_entry_urlbuilder.go:72.16,74.3 1 0
github.com/mkheyfets/ispro-app/internal/restapi/operations/entries/create_entry_urlbuilder.go:76.2,78.18 3 0
github.com/mkheyfets/ispro-app/internal/restapi/operations/entries/create_entry_urlbuilder.go:82.65,84.2 1 0
github.com/mkheyfets/ispro-app/internal/restapi/operations/entries/delete_entry.go:15.88,17.2 1 0
github.com/mkheyfets/ispro-app/internal/restapi/operations/entries/delete_entry.go:25.87,27.2 1 0
github.com/mkheyfets/ispro-app/internal/restapi/operations/entries/delete_entry.go:39.74,41.17 2 0
github.com/mkheyfets/ispro-app/internal/restapi/operations/entries/delete_entry.go:41.17,43.3 1 0
github.com/mkheyfets/ispro-app/internal/restapi/operations/entries/delete_entry.go:44.2,45.70 2 0
github.com/mkheyfets/ispro-app/internal/restapi/operations/entries/delete_entry.go:45.70,48.3 2 0
github.com/mkheyfets/ispro-app/internal/restapi/operations/entries/delete_entry.go:50.2,52.54 2 0
github.com/mkheyfets/ispro-app/internal/restapi/operations/entries/delete_entry_parameters.go:17.47,20.2 1 0
github.com/mkheyfets/ispro-app/internal/restapi/operations/entries/delete_entry_parameters.go:41.96,47.60 4 0
github.com/mkheyfets/ispro-app/internal/restapi/operations/entries/delete_entry_parameters.go:47.60,49.3 1 0
github.com/mkheyfets/ispro-app/internal/restapi/operations/entries/delete_entry_parameters.go:50.2,50.18 1 0
github.com/mkheyfets/ispro-app/internal/restapi/operations/entries/delete_entry_parameters.go:50.18,52.3 1 0
github.com/mkheyfets/ispro-app/internal/restapi/operations/entries/delete_entry_parameters.go:53.2,53.12 1 0
github.com/mkheyfets/ispro-app/internal/restapi/operations/entries/delete_entry_parameters.go:57.98,59.22 2 0
github.com/mkheyfets/ispro-app/internal/restapi/operations/entries/delete_entry_parameters.go:59.22,61.3 1 0
github.com/mkheyfets/ispro-app/internal/restapi/operations/entries/delete_entry_parameters.go:66.2,67.16 2 0
github.com/mkheyfets/ispro-app/internal/restapi/operations/entries/delete_entry_parameters.go:67.16,69.3 1 0
github.com/mkheyfets/ispro-app/internal/restapi/operations/entries/delete_entry_parameters.go:70.2,72.12 2 0
github.com/mkheyfets/ispro-app/internal/restapi/operations/entries/delete_entry_responses.go:23.54,26.2 1 0
github.com/mkheyfets/ispro-app/internal/restapi/operations/entries/delete_entry_responses.go:29.97,34.2 2 0
github.com/mkheyfets/ispro-app/internal/restapi/operations/entries/delete_entry_responses.go:48.52,51.2 1 0
github.com/mkheyfets/ispro-app/internal/restapi/operations/entries/delete_entry_responses.go:54.96,59.2 2 0
github.com/mkheyfets/ispro-app/internal/restapi/operations/entries/delete_entry_urlbuilder.go:26.66,29.2 2 0
github.com/mkheyfets/ispro-app/internal/restapi/operations/entries/delete_entry_urlbuilder.go:34.49,36.2 1 0
github.com/mkheyfets/ispro-app/internal/restapi/operations/entries/delete_entry_urlbuilder.go:39.52,45.14 4 0
github.com/mkheyfets/ispro-app/internal/restapi/operations/entries/delete_entry_urlbuilder.go:45.14,47.3 1 0
github.com/mkheyfets/ispro-app/internal/restapi/operations/entries/delete_entry_urlbuilder.go:47.8,49.3 1 0
github.com/mkheyfets/ispro-app/internal/restapi/operations/entries/delete_entry_urlbuilder.go:51.2,52.21 2 0
github.com/mkheyfets/ispro-app/internal/restapi/operations/entries/delete_entry_urlbuilder.go:52.21,54.3 1 0
github.com/mkheyfets/ispro-app/internal/restapi/operations/entries/delete_entry_urlbuilder.go:55.2,57.22 2 0
github.com/mkheyfets/ispro-app/internal/restapi/operations/entries/delete_entry_urlbuilder.go:61.63,62.16 1 0
github.com/mkheyfets/ispro-app/internal/restapi/operations/entries/delete_entry_urlbuilder.go:62.16,63.13 1 0
github.com/mkheyfets/ispro-app/internal/restapi/operations/entries/delete_entry_urlbuilder.go:65.2,65.14 1 0
github.com/mkheyfets/ispro-app/internal/restapi/operations/entries/delete_entry_urlbuilder.go:65.14,66.28 1 0
github.com/mkheyfets/ispro-app/internal/restapi/operations/entries/delete_entry_urlbuilder.go:68.2,68.10 1 0
github.com/mkheyfets/ispro-app/internal/restapi/operations/entries/delete_entry_urlbuilder.go:72.42,74.2 1 0
github.com/mkheyfets/ispro-app/internal/restapi/operations/entries/delete_entry_urlbuilder.go:77.75,78.18 1 0
github.com/mkheyfets/ispro-app/internal/restapi/operations/entries/delete_entry_urlbuilder.go:78.18,80.3 1 0
github.com/mkheyfets/ispro-app/internal/restapi/operations/entries/delete_entry_urlbuilder.go:81.2,81.16 1 0
github.com/mkheyfets/ispro-app/internal/restapi/operations/entries/delete_entry_urlbuilder.go:81.16,83.3 1 0
github.com/mkheyfets/ispro-app/internal/restapi/operations/entries/delete_entry_urlbuilder.go:85.2,86.16 2 0
github.com/mkheyfets/ispro-app/internal/restapi/operations/entries/delete_entry_urlbuilder.go:86.16,88.3 1 0
github.com/mkheyfets/ispro-app/internal/restapi/operations/entries/delete_entry_urlbuilder.go:90.2,92.18 3 0
github.com/mkheyfets/ispro-app/internal/restapi/operations/entries/delete_entry_urlbuilder.go:96.65,98.2 1 0
github.com/mkheyfets/ispro-app/internal/restapi/operations/entries/get_entry.go:15.82,17.2 1 0
github.com/mkheyfets/ispro-app/internal/restapi/operations/entries/get_entry.go:25.78,27.2 1 0
github.com/mkheyfets/ispro-app/internal/restapi/operations/entries/get_entry.go:39.71,41.17 2 0
github.com/mkheyfets/ispro-app/internal/restapi/operations/entries/get_entry.go:41.17,43.3 1 0
github.com/mkheyfets/ispro-app/internal/restapi/operations/entries/get_entry.go:44.2,45.70 2 0
github.com/mkheyfets/ispro-app/internal/restapi/operations/entries/get_entry.go:45.70,48.3 2 0
github.com/mkheyfets/ispro-app/internal/restapi/operations/entries/get_entry.go:50.2,52.54 2 0
[...]
github.com/mkheyfets/ispro-app/internal/restapi/operations/entries/list_entries_parameters.go:38.18,40.3 1 0
github.com/mkheyfets/ispro-app/internal/restapi/operations/entries/list_entries_parameters.go:41.2,41.12 1 0
github.com/mkheyfets/ispro-app/internal/restapi/operations/entries/list_entries_responses.go:30.40,33.2 1 0
github.com/mkheyfets/ispro-app/internal/restapi/operations/entries/list_entries_responses.go:36.77,39.2 2 0
github.com/mkheyfets/ispro-app/internal/restapi/operations/entries/list_entries_responses.go:42.61,44.2 1 0
github.com/mkheyfets/ispro-app/internal/restapi/operations/entries/list_entries_responses.go:47.90,51.20 3 0
github.com/mkheyfets/ispro-app/internal/restapi/operations/entries/list_entries_responses.go:51.20,54.3 1 0
github.com/mkheyfets/ispro-app/internal/restapi/operations/entries/list_entries_responses.go:56.2,56.54 1 0
github.com/mkheyfets/ispro-app/internal/restapi/operations/entries/list_entries_responses.go:56.54,57.13 1 0
github.com/mkheyfets/ispro-app/internal/restapi/operations/entries/list_entries_urlbuilder.go:19.66,22.2 2 0
github.com/mkheyfets/ispro-app/internal/restapi/operations/entries/list_entries_urlbuilder.go:27.49,29.2 1 0
github.com/mkheyfets/ispro-app/internal/restapi/operations/entries/list_entries_urlbuilder.go:32.52,38.21 4 0
github.com/mkheyfets/ispro-app/internal/restapi/operations/entries/list_entries_urlbuilder.go:38.21,40.3 1 0
github.com/mkheyfets/ispro-app/internal/restapi/operations/entries/list_entries_urlbuilder.go:41.2,43.22 2 0
github.com/mkheyfets/ispro-app/internal/restapi/operations/entries/list_entries_urlbuilder.go:47.63,48.16 1 0
github.com/mkheyfets/ispro-app/internal/restapi/operations/entries/list_entries_urlbuilder.go:48.16,49.13 1 0
github.com/mkheyfets/ispro-app/internal/restapi/operations/entries/list_entries_urlbuilder.go:51.2,51.14 1 0
github.com/mkheyfets/ispro-app/internal/restapi/operations/entries/list_entries_urlbuilder.go:51.14,52.28 1 0
github.com/mkheyfets/ispro-app/internal/restapi/operations/entries/list_entries_urlbuilder.go:54.2,54.10 1 0
github.com/mkheyfets/ispro-app/internal/restapi/operations/entries/list_entries_urlbuilder.go:58.42,60.2 1 0
github.com/mkheyfets/ispro-app/internal/restapi/operations/entries/list_entries_urlbuilder.go:63.75,64.18 1 0
github.com/mkheyfets/ispro-app/internal/restapi/operations/entries/list_entries_urlbuilder.go:64.18,66.3 1 0
github.com/mkheyfets/ispro-app/internal/restapi/operations/entries/list_entries_urlbuilder.go:67.2,67.16 1 0
github.com/mkheyfets/ispro-app/internal/restapi/operations/entries/list_entries_urlbuilder.go:67.16,69.3 1 0
github.com/mkheyfets/ispro-app/internal/restapi/operations/entries/list_entries_urlbuilder.go:71.2,72.16 2 0
github.com/mkheyfets/ispro-app/internal/restapi/operations/entries/list_entries_urlbuilder.go:72.16,74.3 1 0
github.com/mkheyfets/ispro-app/internal/restapi/operations/entries/list_entries_urlbuilder.go:76.2,78.18 3 0
github.com/mkheyfets/ispro-app/internal/restapi/operations/entries/list_entries_urlbuilder.go:82.65,84.2 1 0
github.com/mkheyfets/ispro-app/internal/restapi/operations/entries/update_entry.go:15.88,17.2 1 0
github.com/mkheyfets/ispro-app/internal/restapi/operations/entries/update_entry.go:25.87,27.2 1 0
github.com/mkheyfets/ispro-app/internal/restapi/operations/entries/update_entry.go:39.74,41.17 2 0
github.com/mkheyfets/ispro-app/internal/restapi/operations/entries/update_entry.go:41.17,43.3 1 0
github.com/mkheyfets/ispro-app/internal/restapi/operations/entries/update_entry.go:44.2,45.70 2 0
github.com/mkheyfets/ispro-app/internal/restapi/operations/entries/update_entry.go:45.70,48.3 2 0
github.com/mkheyfets/ispro-app/internal/restapi/operations/entries/update_entry.go:50.2,52.54 2 0
github.com/mkheyfets/ispro-app/internal/restapi/operations/entries/update_entry_parameters.go:23.47,26.2 1 0
github.com/mkheyfets/ispro-app/internal/restapi/operations/entries/update_entry_parameters.go:53.96,58.24 3 0
github.com/mkheyfets/ispro-app/internal/restapi/operations/entries/update_entry_parameters.go:58.24,59.16 1 0
github.com/mkheyfets/ispro-app/internal/restapi/operations/entries/update_entry_parameters.go:59.16,61.4 1 0
github.com/mkheyfets/ispro-app/internal/restapi/operations/entries/update_entry_parameters.go:62.3,63.63 2 0
github.com/mkheyfets/ispro-app/internal/restapi/operations/entries/update_entry_parameters.go:63.63,64.33 1 0
github.com/mkheyfets/ispro-app/internal/restapi/operations/entries/update_entry_parameters.go:64.33,66.5 1 0
github.com/mkheyfets/ispro-app/internal/restapi/operations/entries/update_entry_parameters.go:66.10,68.5 1 0
github.com/mkheyfets/ispro-app/internal/restapi/operations/entries/update_entry_parameters.go:69.9,71.55 1 0
github.com/mkheyfets/ispro-app/internal/restapi/operations/entries/update_entry_parameters.go:71.55,73.5 1 0
github.com/mkheyfets/ispro-app/internal/restapi/operations/entries/update_entry_parameters.go:75.4,76.67 2 0
github.com/mkheyfets/ispro-app/internal/restapi/operations/entries/update_entry_parameters.go:76.67,78.5 1 0
github.com/mkheyfets/ispro-app/internal/restapi/operations/entries/update_entry_parameters.go:80.4,80.21 1 0
github.com/mkheyfets/ispro-app/internal/restapi/operations/entries/update_entry_parameters.go:80.21,82.5 1 0
github.com/mkheyfets/ispro-app/internal/restapi/operations/entries/update_entry_parameters.go:84.8,86.3 1 0
github.com/mkheyfets/ispro-app/internal/restapi/operations/entries/update_entry_parameters.go:88.2,89.60 2 0
github.com/mkheyfets/ispro-app/internal/restapi/operations/entries/update_entry_parameters.go:89.60,91.3 1 0
github.com/mkheyfets/ispro-app/internal/restapi/operations/entries/update_entry_parameters.go:92.2,92.18 1 0
github.com/mkheyfets/ispro-app/internal/restapi/operations/entries/update_entry_parameters.go:92.18,94.3 1 0
github.com/mkheyfets/ispro-app/internal/restapi/operations/entries/update_entry_parameters.go:95.2,95.12 1 0
github.com/mkheyfets/ispro-app/internal/restapi/operations/entries/update_entry_parameters.go:99.98,101.22 2 0
github.com/mkheyfets/ispro-app/internal/restapi/operations/entries/update_entry_parameters.go:101.22,103.3 1 0
github.com/mkheyfets/ispro-app/internal/restapi/operations/entries/update_entry_parameters.go:108.2,109.16 2 0
github.com/mkheyfets/ispro-app/internal/restapi/operations/entries/update_entry_parameters.go:109.16,111.3 1 0
github.com/mkheyfets/ispro-app/internal/restapi/operations/entries/update_entry_parameters.go:112.2,114.12 2 0
github.com/mkheyfets/ispro-app/internal/restapi/operations/entries/update_entry_responses.go:30.40,33.2 1 0
github.com/mkheyfets/ispro-app/internal/restapi/operations/entries/update_entry_responses.go:36.75,39.2 2 0
github.com/mkheyfets/ispro-app/internal/restapi/operations/entries/update_entry_responses.go:42.59,44.2 1 0
github.com/mkheyfets/ispro-app/internal/restapi/operations/entries/update_entry_responses.go:47.90,50.22 2 0
github.com/mkheyfets/ispro-app/internal/restapi/operations/entries/update_entry_responses.go:50.22,52.55 2 0
github.com/mkheyfets/ispro-app/internal/restapi/operations/entries/update_entry_responses.go:52.55,53.14 1 0
github.com/mkheyfets/ispro-app/internal/restapi/operations/entries/update_entry_responses.go:70.52,73.2 1 0
github.com/mkheyfets/ispro-app/internal/restapi/operations/entries/update_entry_responses.go:76.96,81.2 2 0
github.com/mkheyfets/ispro-app/internal/restapi/operations/entries/update_entry_urlbuilder.go:26.66,29.2 2 0
github.com/mkheyfets/ispro-app/internal/restapi/operations/entries/update_entry_urlbuilder.go:34.49,36.2 1 0
github.com/mkheyfets/ispro-app/internal/restapi/operations/entries/update_entry_urlbuilder.go:39.52,45.14 4 0
github.com/mkheyfets/ispro-app/internal/restapi/operations/entries/update_entry_urlbuilder.go:45.14,47.3 1 0
github.com/mkheyfets/ispro-app/internal/restapi/operations/entries/update_entry_urlbuilder.go:47.8,49.3 1 0
github.com/mkheyfets/ispro-app/internal/restapi/operations/entries/update_entry_urlbuilder.go:51.2,52.21 2 0
github.com/mkheyfets/ispro-app/internal/restapi/operations/entries/update_entry_urlbuilder.go:52.21,54.3 1 0
github.com/mkheyfets/ispro-app/internal/restapi/operations/entries/update_entry_urlbuilder.go:55.2,57.22 2 0
github.com/mkheyfets/ispro-app/internal/restapi/operations/entries/update_entry_urlbuilder.go:61.63,62.16 1 0
github.com/mkheyfets/ispro-app/internal/restapi/operations/entries/update_entry_urlbuilder.go:62.16,63.13 1 0
github.com/mkheyfets/ispro-app/internal/restapi/operations/entries/update_entry_urlbuilder.go:65.2,65.14 1 0
github.com/mkheyfets/ispro-app/internal/restapi/operations/entries/update_entry_urlbuilder.go:65.14,66.28 1 0
github.com/mkheyfets/ispro-app/internal/restapi/operations/entries/update_entry_urlbuilder.go:68.2,68.10 1 0
github.com/mkheyfets/ispro-app/internal/restapi/operations/entries/update_entry_urlbuilder.go:72.42,74.2 1 0
github.com/mkheyfets/ispro-app/internal/restapi/operations/entries/update_entry_urlbuilder.go:77.75,78.18 1 0
github.com/mkheyfets/ispro-app/internal/restapi/operations/entries/update_entry_urlbuilder.go:78.18,80.3 1 0
github.com/mkheyfets/ispro-app/internal/restapi/operations/entries/update_entry_urlbuilder.go:81.2,81.16 1 0
github.com/mkheyfets/ispro-app/internal/restapi/operations/entries/update_entry_urlbuilder.go:81.16,83.3 1 0
github.com/mkheyfets/ispro-app/internal/restapi/operations/entries/update_entry_urlbuilder.go:85.2,86.16 2 0
github.com/mkheyfets/ispro-app/internal/restapi/operations/entries/update_entry_urlbuilder.go:86.16,88.3 1 0
github.com/mkheyfets/ispro-app/internal/restapi/operations/entries/update_entry_urlbuilder.go:90.2,92.18 3 0
github.com/mkheyfets/ispro-app/internal/restapi/operations/entries/update_entry_urlbuilder.go:96.65,98.2 1 0
github.com/mkheyfets/ispro-app/internal/restapi/operations/ispro_app_api.go:24.56,32.31 1 0
github.com/mkheyfets/ispro-app/internal/restapi/operations/ispro_app_api.go:32.32,32.33 0 0
github.com/mkheyfets/ispro-app/internal/restapi/operations/ispro_app_api.go:33.32,33.33 0 0
github.com/mkheyfets/ispro-app/internal/restapi/operations/ispro_app_api.go:45.121,49.4 2 0
github.com/mkheyfets/ispro-app/internal/restapi/operations/ispro_app_api.go:51.112,55.4 2 0
github.com/mkheyfets/ispro-app/internal/restapi/operations/ispro_app_api.go:57.121,61.4 2 0
github.com/mkheyfets/ispro-app/internal/restapi/operations/ispro_app_api.go:63.112,67.4 2 0
github.com/mkheyfets/ispro-app/internal/restapi/operations/ispro_app_api.go:69.112,73.4 2 0
github.com/mkheyfets/ispro-app/internal/restapi/operations/ispro_app_api.go:75.103,79.4 2 0
github.com/mkheyfets/ispro-app/internal/restapi/operations/ispro_app_api.go:81.121,85.4 2 0
github.com/mkheyfets/ispro-app/internal/restapi/operations/ispro_app_api.go:87.109,91.4 2 0
github.com/mkheyfets/ispro-app/internal/restapi/operations/ispro_app_api.go:93.121,97.4 2 0
github.com/mkheyfets/ispro-app/internal/restapi/operations/ispro_app_api.go:99.112,103.4 2 0
github.com/mkheyfets/ispro-app/internal/restapi/operations/ispro_app_api.go:181.34,183.2 1 0
github.com/mkheyfets/ispro-app/internal/restapi/operations/ispro_app_api.go:186.38,188.2 1 0
github.com/mkheyfets/ispro-app/internal/restapi/operations/ispro_app_api.go:191.60,193.2 1 0
github.com/mkheyfets/ispro-app/internal/restapi/operations/ispro_app_api.go:196.60,198.2 1 0
github.com/mkheyfets/ispro-app/internal/restapi/operations/ispro_app_api.go:201.53,203.2 1 0
github.com/mkheyfets/ispro-app/internal/restapi/operations/ispro_app_api.go:206.48,208.2 1 0
github.com/mkheyfets/ispro-app/internal/restapi/operations/ispro_app_api.go:211.48,213.2 1 0
github.com/mkheyfets/ispro-app/internal/restapi/operations/ispro_app_api.go:216.49,218.2 1 0
github.com/mkheyfets/ispro-app/internal/restapi/operations/ispro_app_api.go:221.101,223.2 1 0
github.com/mkheyfets/ispro-app/internal/restapi/operations/ispro_app_api.go:226.40,229.27 2 0
github.com/mkheyfets/ispro-app/internal/restapi/operations/ispro_app_api.go:229.27,231.3 1 0
github.com/mkheyfets/ispro-app/internal/restapi/operations/ispro_app_api.go:233.2,233.27 1 0
github.com/mkheyfets/ispro-app/internal/restapi/operations/ispro_app_api.go:233.27,235.3 1 0
github.com/mkheyfets/ispro-app/internal/restapi/operations/ispro_app_api.go:237.2,237.40 1 0
github.com/mkheyfets/ispro-app/internal/restapi/operations/ispro_app_api.go:237.40,239.3 1 0
github.com/mkheyfets/ispro-app/internal/restapi/operations/ispro_app_api.go:240.2,240.37 1 0
github.com/mkheyfets/ispro-app/internal/restapi/operations/ispro_app_api.go:240.37,242.3 1 0
github.com/mkheyfets/ispro-app/internal/restapi/operations/ispro_app_api.go:243.2,243.40 1 0
github.com/mkheyfets/ispro-app/internal/restapi/operations/ispro_app_api.go:243.40,245.3 1 0
github.com/mkheyfets/ispro-app/internal/restapi/operations/ispro_app_api.go:246.2,246.37 1 0
github.com/mkheyfets/ispro-app/internal/restapi/operations/ispro_app_api.go:246.37,248.3 1 0
github.com/mkheyfets/ispro-app/internal/restapi/operations/ispro_app_api.go:249.2,249.37 1 0
github.com/mkheyfets/ispro-app/internal/restapi/operations/ispro_app_api.go:249.37,251.3 1 0
github.com/mkheyfets/ispro-app/internal/restapi/operations/ispro_app_api.go:252.2,252.34 1 0
github.com/mkheyfets/ispro-app/internal/restapi/operations/ispro_app_api.go:252.34,254.3 1 0
github.com/mkheyfets/ispro-app/internal/restapi/operations/ispro_app_api.go:255.2,255.40 1 0
github.com/mkheyfets/ispro-app/internal/restapi/operations/ispro_app_api.go:255.40,257.3 1 0
github.com/mkheyfets/ispro-app/internal/restapi/operations/ispro_app_api.go:258.2,258.36 1 0
github.com/mkheyfets/ispro-app/internal/restapi/operations/ispro_app_api.go:258.36,260.3 1 0
github.com/mkheyfets/ispro-app/internal/restapi/operations/ispro_app_api.go:261.2,261.40 1 0
github.com/mkheyfets/ispro-app/internal/restapi/operations/ispro_app_api.go:261.40,263.3 1 0
github.com/mkheyfets/ispro-app/internal/restapi/operations/ispro_app_api.go:264.2,264.37 1 0
github.com/mkheyfets/ispro-app/internal/restapi/operations/ispro_app_api.go:264.37,266.3 1 0
github.com/mkheyfets/ispro-app/internal/restapi/operations/ispro_app_api.go:268.2,268.27 1 0
github.com/mkheyfets/ispro-app/internal/restapi/operations/ispro_app_api.go:268.27,270.3 1 0
github.com/mkheyfets/ispro-app/internal/restapi/operations/ispro_app_api.go:272.2,272.12 1 0
github.com/mkheyfets/ispro-app/internal/restapi/operations/ispro_app_api.go:276.105,278.2 1 0
github.com/mkheyfets/ispro-app/internal/restapi/operations/ispro_app_api.go:281.114,283.2 1 0
github.com/mkheyfets/ispro-app/internal/restapi/operations/ispro_app_api.go:286.55,288.2 1 0
github.com/mkheyfets/ispro-app/internal/restapi/operations/ispro_app_api.go:293.85,295.32 2 0
github.com/mkheyfets/ispro-app/internal/restapi/operations/ispro_app_api.go:295.32,296.31 1 0
github.com/mkheyfets/ispro-app/internal/restapi/operations/ispro_app_api.go:296.31,298.4 1 0
github.com/mkheyfets/ispro-app/internal/restapi/operations/ispro_app_api.go:300.3,300.41 1 0
github.com/mkheyfets/ispro-app/internal/restapi/operations/ispro_app_api.go:300.41,302.4 1 0
github.com/mkheyfets/ispro-app/internal/restapi/operations/ispro_app_api.go:305.2,305.15 1 0
github.com/mkheyfets/ispro-app/internal/restapi/operations/ispro_app_api.go:311.85,313.32 2 0
github.com/mkheyfets/ispro-app/internal/restapi/operations/ispro_app_api.go:313.32,314.31 1 0
github.com/mkheyfets/ispro-app/internal/restapi/operations/ispro_app_api.go:314.31,316.4 1 0
github.com/mkheyfets/ispro-app/internal/restapi/operations/ispro_app_api.go:318.3,318.41 1 0
github.com/mkheyfets/ispro-app/internal/restapi/operations/ispro_app_api.go:318.41,320.4 1 0
github.com/mkheyfets/ispro-app/internal/restapi/operations/ispro_app_api.go:323.2,323.15 1 0
github.com/mkheyfets/ispro-app/internal/restapi/operations/ispro_app_api.go:327.76,328.23 1 0
github.com/mkheyfets/ispro-app/internal/restapi/operations/ispro_app_api.go:328.23,330.3 1 0
github.com/mkheyfets/ispro-app/internal/restapi/operations/ispro_app_api.go:331.2,332.34 2 0
github.com/mkheyfets/ispro-app/internal/restapi/operations/ispro_app_api.go:332.34,334.3 1 0
github.com/mkheyfets/ispro-app/internal/restapi/operations/ispro_app_api.go:335.2,335.17 1 0
github.com/mkheyfets/ispro-app/internal/restapi/operations/ispro_app_api.go:335.17,337.3 1 0
github.com/mkheyfets/ispro-app/internal/restapi/operations/ispro_app_api.go:338.2,339.14 2 0
github.com/mkheyfets/ispro-app/internal/restapi/operations/ispro_app_api.go:343.53,344.22 1 0
github.com/mkheyfets/ispro-app/internal/restapi/operations/ispro_app_api.go:344.22,346.3 1 0
github.com/mkheyfets/ispro-app/internal/restapi/operations/ispro_app_api.go:348.2,348.18 1 0
github.com/mkheyfets/ispro-app/internal/restapi/operations/ispro_app_api.go:351.42,353.23 2 0
github.com/mkheyfets/ispro-app/internal/restapi/operations/ispro_app_api.go:353.23,355.3 1 0
github.com/mkheyfets/ispro-app/internal/restapi/operations/ispro_app_api.go:357.2,357.31 1 0
github.com/mkheyfets/ispro-app/internal/restapi/operations/ispro_app_api.go:357.31,359.3 1 0
github.com/mkheyfets/ispro-app/internal/restapi/operations/ispro_app_api.go:360.2,361.31 2 0
github.com/mkheyfets/ispro-app/internal/restapi/operations/ispro_app_api.go:361.31,363.3 1 0
github.com/mkheyfets/ispro-app/internal/restapi/operations/ispro_app_api.go:364.2,365.33 2 0
github.com/mkheyfets/ispro-app/internal/restapi/operations/ispro_app_api.go:365.33,367.3 1 0
github.com/mkheyfets/ispro-app/internal/restapi/operations/ispro_app_api.go:368.2,369.33 2 0
github.com/mkheyfets/ispro-app/internal/restapi/operations/ispro_app_api.go:369.33,371.3 1 0
github.com/mkheyfets/ispro-app/internal/restapi/operations/ispro_app_api.go:372.2,373.30 2 0
github.com/mkheyfets/ispro-app/internal/restapi/operations/ispro_app_api.go:373.30,375.3 1 0
github.com/mkheyfets/ispro-app/internal/restapi/operations/ispro_app_api.go:376.2,377.30 2 0
github.com/mkheyfets/ispro-app/internal/restapi/operations/ispro_app_api.go:377.30,379.3 1 0
github.com/mkheyfets/ispro-app/internal/restapi/operations/ispro_app_api.go:380.2,381.30 2 0
github.com/mkheyfets/ispro-app/internal/restapi/operations/ispro_app_api.go:381.30,383.3 1 0
github.com/mkheyfets/ispro-app/internal/restapi/operations/ispro_app_api.go:384.2,385.30 2 0
github.com/mkheyfets/ispro-app/internal/restapi/operations/ispro_app_api.go:385.30,387.3 1 0
github.com/mkheyfets/ispro-app/internal/restapi/operations/ispro_app_api.go:388.2,389.30 2 0
github.com/mkheyfets/ispro-app/internal/restapi/operations/ispro_app_api.go:389.30,391.3 1 0
github.com/mkheyfets/ispro-app/internal/restapi/operations/ispro_app_api.go:392.2,393.30 2 0
github.com/mkheyfets/ispro-app/internal/restapi/operations/ispro_app_api.go:393.30,395.3 1 0
github.com/mkheyfets/ispro-app/internal/restapi/operations/ispro_app_api.go:396.2,396.93 1 0
github.com/mkheyfets/ispro-app/internal/restapi/operations/ispro_app_api.go:401.70,404.25 2 0
github.com/mkheyfets/ispro-app/internal/restapi/operations/ispro_app_api.go:404.25,406.3 1 0
github.com/mkheyfets/ispro-app/internal/restapi/operations/ispro_app_api.go:407.2,407.20 1 0
github.com/mkheyfets/ispro-app/internal/restapi/operations/ispro_app_api.go:407.20,409.3 1 0
github.com/mkheyfets/ispro-app/internal/restapi/operations/ispro_app_api.go:410.2,410.38 1 0
github.com/mkheyfets/ispro-app/internal/restapi/operations/ispro_app_api.go:414.30,415.26 1 0
github.com/mkheyfets/ispro-app/internal/restapi/operations/ispro_app_api.go:415.26,417.3 1 0
github.com/mkheyfets/ispro-app/internal/restapi/operations/ispro_app_api.go:421.85,423.2 1 0
github.com/mkheyfets/ispro-app/internal/restapi/operations/ispro_app_api.go:426.85,428.2 1 0
github.com/mkheyfets/ispro-app/internal/restapi/operations/ispro_app_api.go:431.89,433.17 2 0
github.com/mkheyfets/ispro-app/internal/restapi/operations/ispro_app_api.go:433.17,435.3 1 0
github.com/mkheyfets/ispro-app/internal/restapi/operations/ispro_app_api.go:436.2,437.39 2 0
github.com/mkheyfets/ispro-app/internal/restapi/operations/ispro_app_api.go:437.39,439.3 1 0
